CRITICAL - 2022-02-19 17:56:13 --> Undefined variable: usuario
#0 C:\laragon\www\europharmaci4\app\Controllers\Usuarios.php(165): CodeIgniter\Debug\Exceptions->errorHandler(8, 'Undefined varia...', 'C:\\laragon\\www\\...', 165, Array)
#1 C:\laragon\www\europharmaci4\system\CodeIgniter.php(823): App\Controllers\Usuarios->edit('5')
#2 C:\laragon\www\europharmaci4\system\CodeIgniter.php(410): CodeIgniter\CodeIgniter->runController(Object(App\Controllers\Usuarios))
#3 C:\laragon\www\europharmaci4\system\CodeIgniter.php(318): CodeIgniter\CodeIgniter->handleRequest(NULL, Object(Config\Cache), false)
#4 C:\laragon\www\europharmaci4\public\index.php(37): CodeIgniter\CodeIgniter->run()
#5 {main}
CRITICAL - 2022-02-19 17:57:35 --> Undefined property: App\Controllers\Usuarios::$usuarios
#0 C:\laragon\www\europharmaci4\app\Controllers\Usuarios.php(165): CodeIgniter\Debug\Exceptions->errorHandler(8, 'Undefined prope...', 'C:\\laragon\\www\\...', 165, Array)
#1 C:\laragon\www\europharmaci4\system\CodeIgniter.php(823): App\Controllers\Usuarios->edit('5')
#2 C:\laragon\www\europharmaci4\system\CodeIgniter.php(410): CodeIgniter\CodeIgniter->runController(Object(App\Controllers\Usuarios))
#3 C:\laragon\www\europharmaci4\system\CodeIgniter.php(318): CodeIgniter\CodeIgniter->handleRequest(NULL, Object(Config\Cache), false)
#4 C:\laragon\www\europharmaci4\public\index.php(37): CodeIgniter\CodeIgniter->run()
#5 {main}
CRITICAL - 2022-02-19 17:57:36 --> Undefined property: App\Controllers\Usuarios::$usuarios
#0 C:\laragon\www\europharmaci4\app\Controllers\Usuarios.php(165): CodeIgniter\Debug\Exceptions->errorHandler(8, 'Undefined prope...', 'C:\\laragon\\www\\...', 165, Array)
#1 C:\laragon\www\europharmaci4\system\CodeIgniter.php(823): App\Controllers\Usuarios->edit('5')
#2 C:\laragon\www\europharmaci4\system\CodeIgniter.php(410): CodeIgniter\CodeIgniter->runController(Object(App\Controllers\Usuarios))
#3 C:\laragon\www\europharmaci4\system\CodeIgniter.php(318): CodeIgniter\CodeIgniter->handleRequest(NULL, Object(Config\Cache), false)
#4 C:\laragon\www\europharmaci4\public\index.php(37): CodeIgniter\CodeIgniter->run()
#5 {main}
CRITICAL - 2022-02-19 17:57:53 --> Undefined variable: usuarios
#0 C:\laragon\www\europharmaci4\app\Controllers\Usuarios.php(165): CodeIgniter\Debug\Exceptions->errorHandler(8, 'Undefined varia...', 'C:\\laragon\\www\\...', 165, Array)
#1 C:\laragon\www\europharmaci4\system\CodeIgniter.php(823): App\Controllers\Usuarios->edit('5')
#2 C:\laragon\www\europharmaci4\system\CodeIgniter.php(410): CodeIgniter\CodeIgniter->runController(Object(App\Controllers\Usuarios))
#3 C:\laragon\www\europharmaci4\system\CodeIgniter.php(318): CodeIgniter\CodeIgniter->handleRequest(NULL, Object(Config\Cache), false)
#4 C:\laragon\www\europharmaci4\public\index.php(37): CodeIgniter\CodeIgniter->run()
#5 {main}
CRITICAL - 2022-02-19 18:00:09 --> Trying to get property 'clave' of non-object
#0 C:\laragon\www\europharmaci4\app\Controllers\Usuarios.php(166): CodeIgniter\Debug\Exceptions->errorHandler(8, 'Trying to get p...', 'C:\\laragon\\www\\...', 166, Array)
#1 C:\laragon\www\europharmaci4\system\CodeIgniter.php(823): App\Controllers\Usuarios->edit('5')
#2 C:\laragon\www\europharmaci4\system\CodeIgniter.php(410): CodeIgniter\CodeIgniter->runController(Object(App\Controllers\Usuarios))
#3 C:\laragon\www\europharmaci4\system\CodeIgniter.php(318): CodeIgniter\CodeIgniter->handleRequest(NULL, Object(Config\Cache), false)
#4 C:\laragon\www\europharmaci4\public\index.php(37): CodeIgniter\CodeIgniter->run()
#5 {main}
CRITICAL - 2022-02-19 18:00:25 --> Undefined property: App\Controllers\Usuarios::$data
#0 C:\laragon\www\europharmaci4\app\Controllers\Usuarios.php(166): CodeIgniter\Debug\Exceptions->errorHandler(8, 'Undefined prope...', 'C:\\laragon\\www\\...', 166, Array)
#1 C:\laragon\www\europharmaci4\system\CodeIgniter.php(823): App\Controllers\Usuarios->edit('5')
#2 C:\laragon\www\europharmaci4\system\CodeIgniter.php(410): CodeIgniter\CodeIgniter->runController(Object(App\Controllers\Usuarios))
#3 C:\laragon\www\europharmaci4\system\CodeIgniter.php(318): CodeIgniter\CodeIgniter->handleRequest(NULL, Object(Config\Cache), false)
#4 C:\laragon\www\europharmaci4\public\index.php(37): CodeIgniter\CodeIgniter->run()
#5 {main}
