CRITICAL - 2022-01-18 10:04:52 --> Object of class CodeIgniter\Database\MySQLi\Result could not be converted to string
#0 C:\laragon\www\europharmaci4\system\CodeIgniter.php(823): App\Controllers\Test->index()
#1 C:\laragon\www\europharmaci4\system\CodeIgniter.php(410): CodeIgniter\CodeIgniter->runController(Object(App\Controllers\Test))
#2 C:\laragon\www\europharmaci4\system\CodeIgniter.php(318): CodeIgniter\CodeIgniter->handleRequest(NULL, Object(Config\Cache), false)
#3 C:\laragon\www\europharmaci4\public\index.php(37): CodeIgniter\CodeIgniter->run()
#4 {main}
CRITICAL - 2022-01-18 10:04:53 --> Object of class CodeIgniter\Database\MySQLi\Result could not be converted to string
#0 C:\laragon\www\europharmaci4\system\CodeIgniter.php(823): App\Controllers\Test->index()
#1 C:\laragon\www\europharmaci4\system\CodeIgniter.php(410): CodeIgniter\CodeIgniter->runController(Object(App\Controllers\Test))
#2 C:\laragon\www\europharmaci4\system\CodeIgniter.php(318): CodeIgniter\CodeIgniter->handleRequest(NULL, Object(Config\Cache), false)
#3 C:\laragon\www\europharmaci4\public\index.php(37): CodeIgniter\CodeIgniter->run()
#4 {main}
CRITICAL - 2022-01-18 10:05:15 --> syntax error, unexpected ''pager'' (T_CONSTANT_ENCAPSED_STRING), expecting ']'
#0 C:\laragon\www\europharmaci4\system\Router\Router.php(175): CodeIgniter\Router\Router->autoRoute('test')
#1 C:\laragon\www\europharmaci4\system\CodeIgniter.php(717): CodeIgniter\Router\Router->handle('test')
#2 C:\laragon\www\europharmaci4\system\CodeIgniter.php(359): CodeIgniter\CodeIgniter->tryToRouteIt(Object(CodeIgniter\Router\RouteCollection))
#3 C:\laragon\www\europharmaci4\system\CodeIgniter.php(318): CodeIgniter\CodeIgniter->handleRequest(NULL, Object(Config\Cache), false)
#4 C:\laragon\www\europharmaci4\public\index.php(37): CodeIgniter\CodeIgniter->run()
#5 {main}
CRITICAL - 2022-01-18 10:05:37 --> Object of class CodeIgniter\Database\MySQLi\Result could not be converted to string
#0 C:\laragon\www\europharmaci4\system\CodeIgniter.php(823): App\Controllers\Test->index()
#1 C:\laragon\www\europharmaci4\system\CodeIgniter.php(410): CodeIgniter\CodeIgniter->runController(Object(App\Controllers\Test))
#2 C:\laragon\www\europharmaci4\system\CodeIgniter.php(318): CodeIgniter\CodeIgniter->handleRequest(NULL, Object(Config\Cache), false)
#3 C:\laragon\www\europharmaci4\public\index.php(37): CodeIgniter\CodeIgniter->run()
#4 {main}
CRITICAL - 2022-01-18 10:58:40 --> Object of class CodeIgniter\Database\MySQLi\Result could not be converted to string
#0 C:\laragon\www\europharmaci4\system\CodeIgniter.php(823): App\Controllers\Test->index()
#1 C:\laragon\www\europharmaci4\system\CodeIgniter.php(410): CodeIgniter\CodeIgniter->runController(Object(App\Controllers\Test))
#2 C:\laragon\www\europharmaci4\system\CodeIgniter.php(318): CodeIgniter\CodeIgniter->handleRequest(NULL, Object(Config\Cache), false)
#3 C:\laragon\www\europharmaci4\public\index.php(37): CodeIgniter\CodeIgniter->run()
#4 {main}
CRITICAL - 2022-01-18 12:08:44 --> Undefined variable: rol
#0 C:\laragon\www\europharmaci4\app\Views\Usuario\nuevo.php(3): CodeIgniter\Debug\Exceptions->errorHandler(8, 'Undefined varia...', 'C:\\laragon\\www\\...', 3, Array)
#1 C:\laragon\www\europharmaci4\system\View\View.php(210): include('C:\\laragon\\www\\...')
#2 C:\laragon\www\europharmaci4\system\View\View.php(213): CodeIgniter\View\View->CodeIgniter\View\{closure}()
#3 C:\laragon\www\europharmaci4\system\Common.php(1094): CodeIgniter\View\View->render('Usuario/nuevo', Array, true)
#4 C:\laragon\www\europharmaci4\app\Controllers\Usuarios.php(45): view('Usuario/nuevo', Array)
#5 C:\laragon\www\europharmaci4\system\CodeIgniter.php(823): App\Controllers\Usuarios->nuevo()
#6 C:\laragon\www\europharmaci4\system\CodeIgniter.php(410): CodeIgniter\CodeIgniter->runController(Object(App\Controllers\Usuarios))
#7 C:\laragon\www\europharmaci4\system\CodeIgniter.php(318): CodeIgniter\CodeIgniter->handleRequest(NULL, Object(Config\Cache), false)
#8 C:\laragon\www\europharmaci4\public\index.php(37): CodeIgniter\CodeIgniter->run()
#9 {main}
CRITICAL - 2022-01-18 12:47:26 --> syntax error, unexpected ''usuarios'' (T_CONSTANT_ENCAPSED_STRING), expecting ']'
#0 C:\laragon\www\europharmaci4\system\Router\Router.php(175): CodeIgniter\Router\Router->autoRoute('usuarios')
#1 C:\laragon\www\europharmaci4\system\CodeIgniter.php(717): CodeIgniter\Router\Router->handle('usuarios')
#2 C:\laragon\www\europharmaci4\system\CodeIgniter.php(359): CodeIgniter\CodeIgniter->tryToRouteIt(Object(CodeIgniter\Router\RouteCollection))
#3 C:\laragon\www\europharmaci4\system\CodeIgniter.php(318): CodeIgniter\CodeIgniter->handleRequest(NULL, Object(Config\Cache), false)
#4 C:\laragon\www\europharmaci4\public\index.php(37): CodeIgniter\CodeIgniter->run()
#5 {main}
CRITICAL - 2022-01-18 12:55:10 --> Trying to get property 'pager' of non-object
#0 C:\laragon\www\europharmaci4\app\Controllers\Usuarios.php(33): CodeIgniter\Debug\Exceptions->errorHandler(8, 'Trying to get p...', 'C:\\laragon\\www\\...', 33, Array)
#1 C:\laragon\www\europharmaci4\system\CodeIgniter.php(823): App\Controllers\Usuarios->index()
#2 C:\laragon\www\europharmaci4\system\CodeIgniter.php(410): CodeIgniter\CodeIgniter->runController(Object(App\Controllers\Usuarios))
#3 C:\laragon\www\europharmaci4\system\CodeIgniter.php(318): CodeIgniter\CodeIgniter->handleRequest(NULL, Object(Config\Cache), false)
#4 C:\laragon\www\europharmaci4\public\index.php(37): CodeIgniter\CodeIgniter->run()
#5 {main}
CRITICAL - 2022-01-18 12:58:14 --> Undefined variable: datos
#0 C:\laragon\www\europharmaci4\app\Views\Usuario\listar.php(63): CodeIgniter\Debug\Exceptions->errorHandler(8, 'Undefined varia...', 'C:\\laragon\\www\\...', 63, Array)
#1 C:\laragon\www\europharmaci4\system\View\View.php(210): include('C:\\laragon\\www\\...')
#2 C:\laragon\www\europharmaci4\system\View\View.php(213): CodeIgniter\View\View->CodeIgniter\View\{closure}()
#3 C:\laragon\www\europharmaci4\system\Common.php(1094): CodeIgniter\View\View->render('Usuario/listar', Array, true)
#4 C:\laragon\www\europharmaci4\app\Controllers\Usuarios.php(40): view('Usuario/listar', Array)
#5 C:\laragon\www\europharmaci4\system\CodeIgniter.php(823): App\Controllers\Usuarios->index()
#6 C:\laragon\www\europharmaci4\system\CodeIgniter.php(410): CodeIgniter\CodeIgniter->runController(Object(App\Controllers\Usuarios))
#7 C:\laragon\www\europharmaci4\system\CodeIgniter.php(318): CodeIgniter\CodeIgniter->handleRequest(NULL, Object(Config\Cache), false)
#8 C:\laragon\www\europharmaci4\public\index.php(37): CodeIgniter\CodeIgniter->run()
#9 {main}
CRITICAL - 2022-01-18 12:59:40 --> Cannot use object of type stdClass as array
#0 C:\laragon\www\europharmaci4\system\View\View.php(210): include()
#1 C:\laragon\www\europharmaci4\system\View\View.php(213): CodeIgniter\View\View->CodeIgniter\View\{closure}()
#2 C:\laragon\www\europharmaci4\system\Common.php(1094): CodeIgniter\View\View->render('Usuario/listar', Array, true)
#3 C:\laragon\www\europharmaci4\app\Controllers\Usuarios.php(40): view('Usuario/listar', Array)
#4 C:\laragon\www\europharmaci4\system\CodeIgniter.php(823): App\Controllers\Usuarios->index()
#5 C:\laragon\www\europharmaci4\system\CodeIgniter.php(410): CodeIgniter\CodeIgniter->runController(Object(App\Controllers\Usuarios))
#6 C:\laragon\www\europharmaci4\system\CodeIgniter.php(318): CodeIgniter\CodeIgniter->handleRequest(NULL, Object(Config\Cache), false)
#7 C:\laragon\www\europharmaci4\public\index.php(37): CodeIgniter\CodeIgniter->run()
#8 {main}
CRITICAL - 2022-01-18 13:03:36 --> Undefined property: stdClass::$nombrerol
#0 C:\laragon\www\europharmaci4\app\Views\Usuario\listar.php(68): CodeIgniter\Debug\Exceptions->errorHandler(8, 'Undefined prope...', 'C:\\laragon\\www\\...', 68, Array)
#1 C:\laragon\www\europharmaci4\system\View\View.php(210): include('C:\\laragon\\www\\...')
#2 C:\laragon\www\europharmaci4\system\View\View.php(213): CodeIgniter\View\View->CodeIgniter\View\{closure}()
#3 C:\laragon\www\europharmaci4\system\Common.php(1094): CodeIgniter\View\View->render('Usuario/listar', Array, true)
#4 C:\laragon\www\europharmaci4\app\Controllers\Usuarios.php(40): view('Usuario/listar', Array)
#5 C:\laragon\www\europharmaci4\system\CodeIgniter.php(823): App\Controllers\Usuarios->index()
#6 C:\laragon\www\europharmaci4\system\CodeIgniter.php(410): CodeIgniter\CodeIgniter->runController(Object(App\Controllers\Usuarios))
#7 C:\laragon\www\europharmaci4\system\CodeIgniter.php(318): CodeIgniter\CodeIgniter->handleRequest(NULL, Object(Config\Cache), false)
#8 C:\laragon\www\europharmaci4\public\index.php(37): CodeIgniter\CodeIgniter->run()
#9 {main}
CRITICAL - 2022-01-18 13:04:18 --> Undefined property: stdClass::$nombrerol
#0 C:\laragon\www\europharmaci4\app\Views\Usuario\listar.php(68): CodeIgniter\Debug\Exceptions->errorHandler(8, 'Undefined prope...', 'C:\\laragon\\www\\...', 68, Array)
#1 C:\laragon\www\europharmaci4\system\View\View.php(210): include('C:\\laragon\\www\\...')
#2 C:\laragon\www\europharmaci4\system\View\View.php(213): CodeIgniter\View\View->CodeIgniter\View\{closure}()
#3 C:\laragon\www\europharmaci4\system\Common.php(1094): CodeIgniter\View\View->render('Usuario/listar', Array, true)
#4 C:\laragon\www\europharmaci4\app\Controllers\Usuarios.php(40): view('Usuario/listar', Array)
#5 C:\laragon\www\europharmaci4\system\CodeIgniter.php(823): App\Controllers\Usuarios->index()
#6 C:\laragon\www\europharmaci4\system\CodeIgniter.php(410): CodeIgniter\CodeIgniter->runController(Object(App\Controllers\Usuarios))
#7 C:\laragon\www\europharmaci4\system\CodeIgniter.php(318): CodeIgniter\CodeIgniter->handleRequest(NULL, Object(Config\Cache), false)
#8 C:\laragon\www\europharmaci4\public\index.php(37): CodeIgniter\CodeIgniter->run()
#9 {main}
CRITICAL - 2022-01-18 13:04:20 --> Undefined property: stdClass::$nombrerol
#0 C:\laragon\www\europharmaci4\app\Views\Usuario\listar.php(68): CodeIgniter\Debug\Exceptions->errorHandler(8, 'Undefined prope...', 'C:\\laragon\\www\\...', 68, Array)
#1 C:\laragon\www\europharmaci4\system\View\View.php(210): include('C:\\laragon\\www\\...')
#2 C:\laragon\www\europharmaci4\system\View\View.php(213): CodeIgniter\View\View->CodeIgniter\View\{closure}()
#3 C:\laragon\www\europharmaci4\system\Common.php(1094): CodeIgniter\View\View->render('Usuario/listar', Array, true)
#4 C:\laragon\www\europharmaci4\app\Controllers\Usuarios.php(40): view('Usuario/listar', Array)
#5 C:\laragon\www\europharmaci4\system\CodeIgniter.php(823): App\Controllers\Usuarios->index()
#6 C:\laragon\www\europharmaci4\system\CodeIgniter.php(410): CodeIgniter\CodeIgniter->runController(Object(App\Controllers\Usuarios))
#7 C:\laragon\www\europharmaci4\system\CodeIgniter.php(318): CodeIgniter\CodeIgniter->handleRequest(NULL, Object(Config\Cache), false)
#8 C:\laragon\www\europharmaci4\public\index.php(37): CodeIgniter\CodeIgniter->run()
#9 {main}
CRITICAL - 2022-01-18 13:04:40 --> Undefined property: stdClass::$nombrerol
#0 C:\laragon\www\europharmaci4\app\Views\Usuario\listar.php(68): CodeIgniter\Debug\Exceptions->errorHandler(8, 'Undefined prope...', 'C:\\laragon\\www\\...', 68, Array)
#1 C:\laragon\www\europharmaci4\system\View\View.php(210): include('C:\\laragon\\www\\...')
#2 C:\laragon\www\europharmaci4\system\View\View.php(213): CodeIgniter\View\View->CodeIgniter\View\{closure}()
#3 C:\laragon\www\europharmaci4\system\Common.php(1094): CodeIgniter\View\View->render('Usuario/listar', Array, true)
#4 C:\laragon\www\europharmaci4\app\Controllers\Usuarios.php(40): view('Usuario/listar', Array)
#5 C:\laragon\www\europharmaci4\system\CodeIgniter.php(823): App\Controllers\Usuarios->index()
#6 C:\laragon\www\europharmaci4\system\CodeIgniter.php(410): CodeIgniter\CodeIgniter->runController(Object(App\Controllers\Usuarios))
#7 C:\laragon\www\europharmaci4\system\CodeIgniter.php(318): CodeIgniter\CodeIgniter->handleRequest(NULL, Object(Config\Cache), false)
#8 C:\laragon\www\europharmaci4\public\index.php(37): CodeIgniter\CodeIgniter->run()
#9 {main}
CRITICAL - 2022-01-18 13:04:41 --> Undefined property: stdClass::$nombrerol
#0 C:\laragon\www\europharmaci4\app\Views\Usuario\listar.php(68): CodeIgniter\Debug\Exceptions->errorHandler(8, 'Undefined prope...', 'C:\\laragon\\www\\...', 68, Array)
#1 C:\laragon\www\europharmaci4\system\View\View.php(210): include('C:\\laragon\\www\\...')
#2 C:\laragon\www\europharmaci4\system\View\View.php(213): CodeIgniter\View\View->CodeIgniter\View\{closure}()
#3 C:\laragon\www\europharmaci4\system\Common.php(1094): CodeIgniter\View\View->render('Usuario/listar', Array, true)
#4 C:\laragon\www\europharmaci4\app\Controllers\Usuarios.php(40): view('Usuario/listar', Array)
#5 C:\laragon\www\europharmaci4\system\CodeIgniter.php(823): App\Controllers\Usuarios->index()
#6 C:\laragon\www\europharmaci4\system\CodeIgniter.php(410): CodeIgniter\CodeIgniter->runController(Object(App\Controllers\Usuarios))
#7 C:\laragon\www\europharmaci4\system\CodeIgniter.php(318): CodeIgniter\CodeIgniter->handleRequest(NULL, Object(Config\Cache), false)
#8 C:\laragon\www\europharmaci4\public\index.php(37): CodeIgniter\CodeIgniter->run()
#9 {main}
CRITICAL - 2022-01-18 13:04:42 --> Undefined property: stdClass::$nombrerol
#0 C:\laragon\www\europharmaci4\app\Views\Usuario\listar.php(68): CodeIgniter\Debug\Exceptions->errorHandler(8, 'Undefined prope...', 'C:\\laragon\\www\\...', 68, Array)
#1 C:\laragon\www\europharmaci4\system\View\View.php(210): include('C:\\laragon\\www\\...')
#2 C:\laragon\www\europharmaci4\system\View\View.php(213): CodeIgniter\View\View->CodeIgniter\View\{closure}()
#3 C:\laragon\www\europharmaci4\system\Common.php(1094): CodeIgniter\View\View->render('Usuario/listar', Array, true)
#4 C:\laragon\www\europharmaci4\app\Controllers\Usuarios.php(40): view('Usuario/listar', Array)
#5 C:\laragon\www\europharmaci4\system\CodeIgniter.php(823): App\Controllers\Usuarios->index()
#6 C:\laragon\www\europharmaci4\system\CodeIgniter.php(410): CodeIgniter\CodeIgniter->runController(Object(App\Controllers\Usuarios))
#7 C:\laragon\www\europharmaci4\system\CodeIgniter.php(318): CodeIgniter\CodeIgniter->handleRequest(NULL, Object(Config\Cache), false)
#8 C:\laragon\www\europharmaci4\public\index.php(37): CodeIgniter\CodeIgniter->run()
#9 {main}
CRITICAL - 2022-01-18 13:07:30 --> Undefined property: stdClass::$nombrerol
#0 C:\laragon\www\europharmaci4\app\Views\Usuario\listar.php(68): CodeIgniter\Debug\Exceptions->errorHandler(8, 'Undefined prope...', 'C:\\laragon\\www\\...', 68, Array)
#1 C:\laragon\www\europharmaci4\system\View\View.php(210): include('C:\\laragon\\www\\...')
#2 C:\laragon\www\europharmaci4\system\View\View.php(213): CodeIgniter\View\View->CodeIgniter\View\{closure}()
#3 C:\laragon\www\europharmaci4\system\Common.php(1094): CodeIgniter\View\View->render('Usuario/listar', Array, true)
#4 C:\laragon\www\europharmaci4\app\Controllers\Usuarios.php(40): view('Usuario/listar', Array)
#5 C:\laragon\www\europharmaci4\system\CodeIgniter.php(823): App\Controllers\Usuarios->index()
#6 C:\laragon\www\europharmaci4\system\CodeIgniter.php(410): CodeIgniter\CodeIgniter->runController(Object(App\Controllers\Usuarios))
#7 C:\laragon\www\europharmaci4\system\CodeIgniter.php(318): CodeIgniter\CodeIgniter->handleRequest(NULL, Object(Config\Cache), false)
#8 C:\laragon\www\europharmaci4\public\index.php(37): CodeIgniter\CodeIgniter->run()
#9 {main}
CRITICAL - 2022-01-18 13:07:47 --> Undefined property: stdClass::$nombrerol
#0 C:\laragon\www\europharmaci4\app\Views\Usuario\listar.php(68): CodeIgniter\Debug\Exceptions->errorHandler(8, 'Undefined prope...', 'C:\\laragon\\www\\...', 68, Array)
#1 C:\laragon\www\europharmaci4\system\View\View.php(210): include('C:\\laragon\\www\\...')
#2 C:\laragon\www\europharmaci4\system\View\View.php(213): CodeIgniter\View\View->CodeIgniter\View\{closure}()
#3 C:\laragon\www\europharmaci4\system\Common.php(1094): CodeIgniter\View\View->render('Usuario/listar', Array, true)
#4 C:\laragon\www\europharmaci4\app\Controllers\Usuarios.php(40): view('Usuario/listar', Array)
#5 C:\laragon\www\europharmaci4\system\CodeIgniter.php(823): App\Controllers\Usuarios->index()
#6 C:\laragon\www\europharmaci4\system\CodeIgniter.php(410): CodeIgniter\CodeIgniter->runController(Object(App\Controllers\Usuarios))
#7 C:\laragon\www\europharmaci4\system\CodeIgniter.php(318): CodeIgniter\CodeIgniter->handleRequest(NULL, Object(Config\Cache), false)
#8 C:\laragon\www\europharmaci4\public\index.php(37): CodeIgniter\CodeIgniter->run()
#9 {main}
CRITICAL - 2022-01-18 18:12:47 --> Undefined variable: rol
#0 C:\laragon\www\europharmaci4\app\Views\Usuario\nuevo.php(3): CodeIgniter\Debug\Exceptions->errorHandler(8, 'Undefined varia...', 'C:\\laragon\\www\\...', 3, Array)
#1 C:\laragon\www\europharmaci4\system\View\View.php(210): include('C:\\laragon\\www\\...')
#2 C:\laragon\www\europharmaci4\system\View\View.php(213): CodeIgniter\View\View->CodeIgniter\View\{closure}()
#3 C:\laragon\www\europharmaci4\system\Common.php(1094): CodeIgniter\View\View->render('Usuario/nuevo', Array, true)
#4 C:\laragon\www\europharmaci4\app\Controllers\Usuarios.php(50): view('Usuario/nuevo', Array)
#5 C:\laragon\www\europharmaci4\system\CodeIgniter.php(823): App\Controllers\Usuarios->nuevo()
#6 C:\laragon\www\europharmaci4\system\CodeIgniter.php(410): CodeIgniter\CodeIgniter->runController(Object(App\Controllers\Usuarios))
#7 C:\laragon\www\europharmaci4\system\CodeIgniter.php(318): CodeIgniter\CodeIgniter->handleRequest(NULL, Object(Config\Cache), false)
#8 C:\laragon\www\europharmaci4\public\index.php(37): CodeIgniter\CodeIgniter->run()
#9 {main}
CRITICAL - 2022-01-18 18:13:30 --> Undefined variable: datos
#0 C:\laragon\www\europharmaci4\app\Views\Usuario\nuevo.php(61): CodeIgniter\Debug\Exceptions->errorHandler(8, 'Undefined varia...', 'C:\\laragon\\www\\...', 61, Array)
#1 C:\laragon\www\europharmaci4\system\View\View.php(210): include('C:\\laragon\\www\\...')
#2 C:\laragon\www\europharmaci4\system\View\View.php(213): CodeIgniter\View\View->CodeIgniter\View\{closure}()
#3 C:\laragon\www\europharmaci4\system\Common.php(1094): CodeIgniter\View\View->render('Usuario/nuevo', Array, true)
#4 C:\laragon\www\europharmaci4\app\Controllers\Usuarios.php(50): view('Usuario/nuevo', Array)
#5 C:\laragon\www\europharmaci4\system\CodeIgniter.php(823): App\Controllers\Usuarios->nuevo()
#6 C:\laragon\www\europharmaci4\system\CodeIgniter.php(410): CodeIgniter\CodeIgniter->runController(Object(App\Controllers\Usuarios))
#7 C:\laragon\www\europharmaci4\system\CodeIgniter.php(318): CodeIgniter\CodeIgniter->handleRequest(NULL, Object(Config\Cache), false)
#8 C:\laragon\www\europharmaci4\public\index.php(37): CodeIgniter\CodeIgniter->run()
#9 {main}
CRITICAL - 2022-01-18 18:18:44 --> Undefined variable: users
#0 C:\laragon\www\europharmaci4\app\Controllers\Usuarios.php(48): CodeIgniter\Debug\Exceptions->errorHandler(8, 'Undefined varia...', 'C:\\laragon\\www\\...', 48, Array)
#1 C:\laragon\www\europharmaci4\system\CodeIgniter.php(823): App\Controllers\Usuarios->nuevo()
#2 C:\laragon\www\europharmaci4\system\CodeIgniter.php(410): CodeIgniter\CodeIgniter->runController(Object(App\Controllers\Usuarios))
#3 C:\laragon\www\europharmaci4\system\CodeIgniter.php(318): CodeIgniter\CodeIgniter->handleRequest(NULL, Object(Config\Cache), false)
#4 C:\laragon\www\europharmaci4\public\index.php(37): CodeIgniter\CodeIgniter->run()
#5 {main}
CRITICAL - 2022-01-18 18:19:18 --> Undefined variable: data
#0 C:\laragon\www\europharmaci4\app\Views\Usuario\nuevo.php(61): CodeIgniter\Debug\Exceptions->errorHandler(8, 'Undefined varia...', 'C:\\laragon\\www\\...', 61, Array)
#1 C:\laragon\www\europharmaci4\system\View\View.php(210): include('C:\\laragon\\www\\...')
#2 C:\laragon\www\europharmaci4\system\View\View.php(213): CodeIgniter\View\View->CodeIgniter\View\{closure}()
#3 C:\laragon\www\europharmaci4\system\Common.php(1094): CodeIgniter\View\View->render('Usuario/nuevo', Array, true)
#4 C:\laragon\www\europharmaci4\app\Controllers\Usuarios.php(56): view('Usuario/nuevo', Array)
#5 C:\laragon\www\europharmaci4\system\CodeIgniter.php(823): App\Controllers\Usuarios->nuevo()
#6 C:\laragon\www\europharmaci4\system\CodeIgniter.php(410): CodeIgniter\CodeIgniter->runController(Object(App\Controllers\Usuarios))
#7 C:\laragon\www\europharmaci4\system\CodeIgniter.php(318): CodeIgniter\CodeIgniter->handleRequest(NULL, Object(Config\Cache), false)
#8 C:\laragon\www\europharmaci4\public\index.php(37): CodeIgniter\CodeIgniter->run()
#9 {main}
CRITICAL - 2022-01-18 18:21:21 --> Undefined variable: data
#0 C:\laragon\www\europharmaci4\app\Views\Usuario\nuevo.php(2): CodeIgniter\Debug\Exceptions->errorHandler(8, 'Undefined varia...', 'C:\\laragon\\www\\...', 2, Array)
#1 C:\laragon\www\europharmaci4\system\View\View.php(210): include('C:\\laragon\\www\\...')
#2 C:\laragon\www\europharmaci4\system\View\View.php(213): CodeIgniter\View\View->CodeIgniter\View\{closure}()
#3 C:\laragon\www\europharmaci4\system\Common.php(1094): CodeIgniter\View\View->render('Usuario/nuevo', Array, true)
#4 C:\laragon\www\europharmaci4\app\Controllers\Usuarios.php(56): view('Usuario/nuevo', Array)
#5 C:\laragon\www\europharmaci4\system\CodeIgniter.php(823): App\Controllers\Usuarios->nuevo()
#6 C:\laragon\www\europharmaci4\system\CodeIgniter.php(410): CodeIgniter\CodeIgniter->runController(Object(App\Controllers\Usuarios))
#7 C:\laragon\www\europharmaci4\system\CodeIgniter.php(318): CodeIgniter\CodeIgniter->handleRequest(NULL, Object(Config\Cache), false)
#8 C:\laragon\www\europharmaci4\public\index.php(37): CodeIgniter\CodeIgniter->run()
#9 {main}
CRITICAL - 2022-01-18 18:23:13 --> Trying to get property 'idrol' of non-object
#0 C:\laragon\www\europharmaci4\app\Views\Usuario\nuevo.php(67): CodeIgniter\Debug\Exceptions->errorHandler(8, 'Trying to get p...', 'C:\\laragon\\www\\...', 67, Array)
#1 C:\laragon\www\europharmaci4\system\View\View.php(210): include('C:\\laragon\\www\\...')
#2 C:\laragon\www\europharmaci4\system\View\View.php(213): CodeIgniter\View\View->CodeIgniter\View\{closure}()
#3 C:\laragon\www\europharmaci4\system\Common.php(1094): CodeIgniter\View\View->render('Usuario/nuevo', Array, true)
#4 C:\laragon\www\europharmaci4\app\Controllers\Usuarios.php(56): view('Usuario/nuevo', Array)
#5 C:\laragon\www\europharmaci4\system\CodeIgniter.php(823): App\Controllers\Usuarios->nuevo()
#6 C:\laragon\www\europharmaci4\system\CodeIgniter.php(410): CodeIgniter\CodeIgniter->runController(Object(App\Controllers\Usuarios))
#7 C:\laragon\www\europharmaci4\system\CodeIgniter.php(318): CodeIgniter\CodeIgniter->handleRequest(NULL, Object(Config\Cache), false)
#8 C:\laragon\www\europharmaci4\public\index.php(37): CodeIgniter\CodeIgniter->run()
#9 {main}
CRITICAL - 2022-01-18 18:40:42 --> Undefined index: idrol
#0 C:\laragon\www\europharmaci4\app\Views\Usuario\nuevo.php(67): CodeIgniter\Debug\Exceptions->errorHandler(8, 'Undefined index...', 'C:\\laragon\\www\\...', 67, Array)
#1 C:\laragon\www\europharmaci4\system\View\View.php(210): include('C:\\laragon\\www\\...')
#2 C:\laragon\www\europharmaci4\system\View\View.php(213): CodeIgniter\View\View->CodeIgniter\View\{closure}()
#3 C:\laragon\www\europharmaci4\system\Common.php(1094): CodeIgniter\View\View->render('Usuario/nuevo', Array, true)
#4 C:\laragon\www\europharmaci4\app\Controllers\Usuarios.php(56): view('Usuario/nuevo', Array)
#5 C:\laragon\www\europharmaci4\system\CodeIgniter.php(823): App\Controllers\Usuarios->nuevo()
#6 C:\laragon\www\europharmaci4\system\CodeIgniter.php(410): CodeIgniter\CodeIgniter->runController(Object(App\Controllers\Usuarios))
#7 C:\laragon\www\europharmaci4\system\CodeIgniter.php(318): CodeIgniter\CodeIgniter->handleRequest(NULL, Object(Config\Cache), false)
#8 C:\laragon\www\europharmaci4\public\index.php(37): CodeIgniter\CodeIgniter->run()
#9 {main}
CRITICAL - 2022-01-18 18:41:40 --> Undefined index: idrol
#0 C:\laragon\www\europharmaci4\app\Views\Usuario\nuevo.php(67): CodeIgniter\Debug\Exceptions->errorHandler(8, 'Undefined index...', 'C:\\laragon\\www\\...', 67, Array)
#1 C:\laragon\www\europharmaci4\system\View\View.php(210): include('C:\\laragon\\www\\...')
#2 C:\laragon\www\europharmaci4\system\View\View.php(213): CodeIgniter\View\View->CodeIgniter\View\{closure}()
#3 C:\laragon\www\europharmaci4\system\Common.php(1094): CodeIgniter\View\View->render('Usuario/nuevo', Array, true)
#4 C:\laragon\www\europharmaci4\app\Controllers\Usuarios.php(56): view('Usuario/nuevo', Array)
#5 C:\laragon\www\europharmaci4\system\CodeIgniter.php(823): App\Controllers\Usuarios->nuevo()
#6 C:\laragon\www\europharmaci4\system\CodeIgniter.php(410): CodeIgniter\CodeIgniter->runController(Object(App\Controllers\Usuarios))
#7 C:\laragon\www\europharmaci4\system\CodeIgniter.php(318): CodeIgniter\CodeIgniter->handleRequest(NULL, Object(Config\Cache), false)
#8 C:\laragon\www\europharmaci4\public\index.php(37): CodeIgniter\CodeIgniter->run()
#9 {main}
CRITICAL - 2022-01-18 18:42:12 --> Undefined index: idrol
#0 C:\laragon\www\europharmaci4\app\Views\Usuario\nuevo.php(67): CodeIgniter\Debug\Exceptions->errorHandler(8, 'Undefined index...', 'C:\\laragon\\www\\...', 67, Array)
#1 C:\laragon\www\europharmaci4\system\View\View.php(210): include('C:\\laragon\\www\\...')
#2 C:\laragon\www\europharmaci4\system\View\View.php(213): CodeIgniter\View\View->CodeIgniter\View\{closure}()
#3 C:\laragon\www\europharmaci4\system\Common.php(1094): CodeIgniter\View\View->render('Usuario/nuevo', Array, true)
#4 C:\laragon\www\europharmaci4\app\Controllers\Usuarios.php(56): view('Usuario/nuevo', Array)
#5 C:\laragon\www\europharmaci4\system\CodeIgniter.php(823): App\Controllers\Usuarios->nuevo()
#6 C:\laragon\www\europharmaci4\system\CodeIgniter.php(410): CodeIgniter\CodeIgniter->runController(Object(App\Controllers\Usuarios))
#7 C:\laragon\www\europharmaci4\system\CodeIgniter.php(318): CodeIgniter\CodeIgniter->handleRequest(NULL, Object(Config\Cache), false)
#8 C:\laragon\www\europharmaci4\public\index.php(37): CodeIgniter\CodeIgniter->run()
#9 {main}
CRITICAL - 2022-01-18 18:42:50 --> Undefined index: idrol
#0 C:\laragon\www\europharmaci4\app\Views\Usuario\nuevo.php(67): CodeIgniter\Debug\Exceptions->errorHandler(8, 'Undefined index...', 'C:\\laragon\\www\\...', 67, Array)
#1 C:\laragon\www\europharmaci4\system\View\View.php(210): include('C:\\laragon\\www\\...')
#2 C:\laragon\www\europharmaci4\system\View\View.php(213): CodeIgniter\View\View->CodeIgniter\View\{closure}()
#3 C:\laragon\www\europharmaci4\system\Common.php(1094): CodeIgniter\View\View->render('Usuario/nuevo', Array, true)
#4 C:\laragon\www\europharmaci4\app\Controllers\Usuarios.php(56): view('Usuario/nuevo', Array)
#5 C:\laragon\www\europharmaci4\system\CodeIgniter.php(823): App\Controllers\Usuarios->nuevo()
#6 C:\laragon\www\europharmaci4\system\CodeIgniter.php(410): CodeIgniter\CodeIgniter->runController(Object(App\Controllers\Usuarios))
#7 C:\laragon\www\europharmaci4\system\CodeIgniter.php(318): CodeIgniter\CodeIgniter->handleRequest(NULL, Object(Config\Cache), false)
#8 C:\laragon\www\europharmaci4\public\index.php(37): CodeIgniter\CodeIgniter->run()
#9 {main}
CRITICAL - 2022-01-18 18:42:51 --> Undefined index: idrol
#0 C:\laragon\www\europharmaci4\app\Views\Usuario\nuevo.php(67): CodeIgniter\Debug\Exceptions->errorHandler(8, 'Undefined index...', 'C:\\laragon\\www\\...', 67, Array)
#1 C:\laragon\www\europharmaci4\system\View\View.php(210): include('C:\\laragon\\www\\...')
#2 C:\laragon\www\europharmaci4\system\View\View.php(213): CodeIgniter\View\View->CodeIgniter\View\{closure}()
#3 C:\laragon\www\europharmaci4\system\Common.php(1094): CodeIgniter\View\View->render('Usuario/nuevo', Array, true)
#4 C:\laragon\www\europharmaci4\app\Controllers\Usuarios.php(56): view('Usuario/nuevo', Array)
#5 C:\laragon\www\europharmaci4\system\CodeIgniter.php(823): App\Controllers\Usuarios->nuevo()
#6 C:\laragon\www\europharmaci4\system\CodeIgniter.php(410): CodeIgniter\CodeIgniter->runController(Object(App\Controllers\Usuarios))
#7 C:\laragon\www\europharmaci4\system\CodeIgniter.php(318): CodeIgniter\CodeIgniter->handleRequest(NULL, Object(Config\Cache), false)
#8 C:\laragon\www\europharmaci4\public\index.php(37): CodeIgniter\CodeIgniter->run()
#9 {main}
CRITICAL - 2022-01-18 18:43:01 --> Undefined index: idrol
#0 C:\laragon\www\europharmaci4\app\Views\Usuario\nuevo.php(67): CodeIgniter\Debug\Exceptions->errorHandler(8, 'Undefined index...', 'C:\\laragon\\www\\...', 67, Array)
#1 C:\laragon\www\europharmaci4\system\View\View.php(210): include('C:\\laragon\\www\\...')
#2 C:\laragon\www\europharmaci4\system\View\View.php(213): CodeIgniter\View\View->CodeIgniter\View\{closure}()
#3 C:\laragon\www\europharmaci4\system\Common.php(1094): CodeIgniter\View\View->render('Usuario/nuevo', Array, true)
#4 C:\laragon\www\europharmaci4\app\Controllers\Usuarios.php(56): view('Usuario/nuevo', Array)
#5 C:\laragon\www\europharmaci4\system\CodeIgniter.php(823): App\Controllers\Usuarios->nuevo()
#6 C:\laragon\www\europharmaci4\system\CodeIgniter.php(410): CodeIgniter\CodeIgniter->runController(Object(App\Controllers\Usuarios))
#7 C:\laragon\www\europharmaci4\system\CodeIgniter.php(318): CodeIgniter\CodeIgniter->handleRequest(NULL, Object(Config\Cache), false)
#8 C:\laragon\www\europharmaci4\public\index.php(37): CodeIgniter\CodeIgniter->run()
#9 {main}
ERROR - 2022-01-18 18:46:32 --> Unknown column 'nombre.rol' in 'field list'
CRITICAL - 2022-01-18 18:46:32 --> Unknown column 'nombre.rol' in 'field list'
#0 C:\laragon\www\europharmaci4\system\Database\MySQLi\Connection.php(292): mysqli->query('SELECT `usuario...', 0)
#1 C:\laragon\www\europharmaci4\system\Database\BaseConnection.php(670): CodeIgniter\Database\MySQLi\Connection->execute('SELECT `usuario...')
#2 C:\laragon\www\europharmaci4\system\Database\BaseConnection.php(598): CodeIgniter\Database\BaseConnection->simpleQuery('SELECT `usuario...')
#3 C:\laragon\www\europharmaci4\system\Database\BaseBuilder.php(1455): CodeIgniter\Database\BaseConnection->query('SELECT `usuario...', Array, false)
#4 C:\laragon\www\europharmaci4\system\Model.php(183): CodeIgniter\Database\BaseBuilder->get()
#5 C:\laragon\www\europharmaci4\system\BaseModel.php(584): CodeIgniter\Model->doFindAll(0, 0)
#6 C:\laragon\www\europharmaci4\app\Controllers\Usuarios.php(50): CodeIgniter\BaseModel->findAll()
#7 C:\laragon\www\europharmaci4\system\CodeIgniter.php(823): App\Controllers\Usuarios->nuevo()
#8 C:\laragon\www\europharmaci4\system\CodeIgniter.php(410): CodeIgniter\CodeIgniter->runController(Object(App\Controllers\Usuarios))
#9 C:\laragon\www\europharmaci4\system\CodeIgniter.php(318): CodeIgniter\CodeIgniter->handleRequest(NULL, Object(Config\Cache), false)
#10 C:\laragon\www\europharmaci4\public\index.php(37): CodeIgniter\CodeIgniter->run()
#11 {main}
ERROR - 2022-01-18 18:46:58 --> Unknown column 'nombrerol.rol' in 'field list'
CRITICAL - 2022-01-18 18:46:58 --> Unknown column 'nombrerol.rol' in 'field list'
#0 C:\laragon\www\europharmaci4\system\Database\MySQLi\Connection.php(292): mysqli->query('SELECT `usuario...', 0)
#1 C:\laragon\www\europharmaci4\system\Database\BaseConnection.php(670): CodeIgniter\Database\MySQLi\Connection->execute('SELECT `usuario...')
#2 C:\laragon\www\europharmaci4\system\Database\BaseConnection.php(598): CodeIgniter\Database\BaseConnection->simpleQuery('SELECT `usuario...')
#3 C:\laragon\www\europharmaci4\system\Database\BaseBuilder.php(1455): CodeIgniter\Database\BaseConnection->query('SELECT `usuario...', Array, false)
#4 C:\laragon\www\europharmaci4\system\Model.php(183): CodeIgniter\Database\BaseBuilder->get()
#5 C:\laragon\www\europharmaci4\system\BaseModel.php(584): CodeIgniter\Model->doFindAll(0, 0)
#6 C:\laragon\www\europharmaci4\app\Controllers\Usuarios.php(50): CodeIgniter\BaseModel->findAll()
#7 C:\laragon\www\europharmaci4\system\CodeIgniter.php(823): App\Controllers\Usuarios->nuevo()
#8 C:\laragon\www\europharmaci4\system\CodeIgniter.php(410): CodeIgniter\CodeIgniter->runController(Object(App\Controllers\Usuarios))
#9 C:\laragon\www\europharmaci4\system\CodeIgniter.php(318): CodeIgniter\CodeIgniter->handleRequest(NULL, Object(Config\Cache), false)
#10 C:\laragon\www\europharmaci4\public\index.php(37): CodeIgniter\CodeIgniter->run()
#11 {main}
CRITICAL - 2022-01-18 18:48:35 --> Undefined index: idrol
#0 C:\laragon\www\europharmaci4\app\Views\Usuario\nuevo.php(67): CodeIgniter\Debug\Exceptions->errorHandler(8, 'Undefined index...', 'C:\\laragon\\www\\...', 67, Array)
#1 C:\laragon\www\europharmaci4\system\View\View.php(210): include('C:\\laragon\\www\\...')
#2 C:\laragon\www\europharmaci4\system\View\View.php(213): CodeIgniter\View\View->CodeIgniter\View\{closure}()
#3 C:\laragon\www\europharmaci4\system\Common.php(1094): CodeIgniter\View\View->render('Usuario/nuevo', Array, true)
#4 C:\laragon\www\europharmaci4\app\Controllers\Usuarios.php(56): view('Usuario/nuevo', Array)
#5 C:\laragon\www\europharmaci4\system\CodeIgniter.php(823): App\Controllers\Usuarios->nuevo()
#6 C:\laragon\www\europharmaci4\system\CodeIgniter.php(410): CodeIgniter\CodeIgniter->runController(Object(App\Controllers\Usuarios))
#7 C:\laragon\www\europharmaci4\system\CodeIgniter.php(318): CodeIgniter\CodeIgniter->handleRequest(NULL, Object(Config\Cache), false)
#8 C:\laragon\www\europharmaci4\public\index.php(37): CodeIgniter\CodeIgniter->run()
#9 {main}
CRITICAL - 2022-01-18 18:49:30 --> Undefined index: nombrerol
#0 C:\laragon\www\europharmaci4\app\Views\Usuario\nuevo.php(67): CodeIgniter\Debug\Exceptions->errorHandler(8, 'Undefined index...', 'C:\\laragon\\www\\...', 67, Array)
#1 C:\laragon\www\europharmaci4\system\View\View.php(210): include('C:\\laragon\\www\\...')
#2 C:\laragon\www\europharmaci4\system\View\View.php(213): CodeIgniter\View\View->CodeIgniter\View\{closure}()
#3 C:\laragon\www\europharmaci4\system\Common.php(1094): CodeIgniter\View\View->render('Usuario/nuevo', Array, true)
#4 C:\laragon\www\europharmaci4\app\Controllers\Usuarios.php(56): view('Usuario/nuevo', Array)
#5 C:\laragon\www\europharmaci4\system\CodeIgniter.php(823): App\Controllers\Usuarios->nuevo()
#6 C:\laragon\www\europharmaci4\system\CodeIgniter.php(410): CodeIgniter\CodeIgniter->runController(Object(App\Controllers\Usuarios))
#7 C:\laragon\www\europharmaci4\system\CodeIgniter.php(318): CodeIgniter\CodeIgniter->handleRequest(NULL, Object(Config\Cache), false)
#8 C:\laragon\www\europharmaci4\public\index.php(37): CodeIgniter\CodeIgniter->run()
#9 {main}
CRITICAL - 2022-01-18 18:49:41 --> Undefined index: nombrerol
#0 C:\laragon\www\europharmaci4\app\Views\Usuario\nuevo.php(67): CodeIgniter\Debug\Exceptions->errorHandler(8, 'Undefined index...', 'C:\\laragon\\www\\...', 67, Array)
#1 C:\laragon\www\europharmaci4\system\View\View.php(210): include('C:\\laragon\\www\\...')
#2 C:\laragon\www\europharmaci4\system\View\View.php(213): CodeIgniter\View\View->CodeIgniter\View\{closure}()
#3 C:\laragon\www\europharmaci4\system\Common.php(1094): CodeIgniter\View\View->render('Usuario/nuevo', Array, true)
#4 C:\laragon\www\europharmaci4\app\Controllers\Usuarios.php(56): view('Usuario/nuevo', Array)
#5 C:\laragon\www\europharmaci4\system\CodeIgniter.php(823): App\Controllers\Usuarios->nuevo()
#6 C:\laragon\www\europharmaci4\system\CodeIgniter.php(410): CodeIgniter\CodeIgniter->runController(Object(App\Controllers\Usuarios))
#7 C:\laragon\www\europharmaci4\system\CodeIgniter.php(318): CodeIgniter\CodeIgniter->handleRequest(NULL, Object(Config\Cache), false)
#8 C:\laragon\www\europharmaci4\public\index.php(37): CodeIgniter\CodeIgniter->run()
#9 {main}
CRITICAL - 2022-01-18 18:50:05 --> Undefined index: nombrerol
#0 C:\laragon\www\europharmaci4\app\Views\Usuario\nuevo.php(67): CodeIgniter\Debug\Exceptions->errorHandler(8, 'Undefined index...', 'C:\\laragon\\www\\...', 67, Array)
#1 C:\laragon\www\europharmaci4\system\View\View.php(210): include('C:\\laragon\\www\\...')
#2 C:\laragon\www\europharmaci4\system\View\View.php(213): CodeIgniter\View\View->CodeIgniter\View\{closure}()
#3 C:\laragon\www\europharmaci4\system\Common.php(1094): CodeIgniter\View\View->render('Usuario/nuevo', Array, true)
#4 C:\laragon\www\europharmaci4\app\Controllers\Usuarios.php(56): view('Usuario/nuevo', Array)
#5 C:\laragon\www\europharmaci4\system\CodeIgniter.php(823): App\Controllers\Usuarios->nuevo()
#6 C:\laragon\www\europharmaci4\system\CodeIgniter.php(410): CodeIgniter\CodeIgniter->runController(Object(App\Controllers\Usuarios))
#7 C:\laragon\www\europharmaci4\system\CodeIgniter.php(318): CodeIgniter\CodeIgniter->handleRequest(NULL, Object(Config\Cache), false)
#8 C:\laragon\www\europharmaci4\public\index.php(37): CodeIgniter\CodeIgniter->run()
#9 {main}
CRITICAL - 2022-01-18 18:56:53 --> Undefined index: idrol
#0 C:\laragon\www\europharmaci4\app\Views\Usuario\nuevo.php(63): CodeIgniter\Debug\Exceptions->errorHandler(8, 'Undefined index...', 'C:\\laragon\\www\\...', 63, Array)
#1 C:\laragon\www\europharmaci4\system\View\View.php(210): include('C:\\laragon\\www\\...')
#2 C:\laragon\www\europharmaci4\system\View\View.php(213): CodeIgniter\View\View->CodeIgniter\View\{closure}()
#3 C:\laragon\www\europharmaci4\system\Common.php(1094): CodeIgniter\View\View->render('Usuario/nuevo', Array, true)
#4 C:\laragon\www\europharmaci4\app\Controllers\Usuarios.php(56): view('Usuario/nuevo', Array)
#5 C:\laragon\www\europharmaci4\system\CodeIgniter.php(823): App\Controllers\Usuarios->nuevo()
#6 C:\laragon\www\europharmaci4\system\CodeIgniter.php(410): CodeIgniter\CodeIgniter->runController(Object(App\Controllers\Usuarios))
#7 C:\laragon\www\europharmaci4\system\CodeIgniter.php(318): CodeIgniter\CodeIgniter->handleRequest(NULL, Object(Config\Cache), false)
#8 C:\laragon\www\europharmaci4\public\index.php(37): CodeIgniter\CodeIgniter->run()
#9 {main}
CRITICAL - 2022-01-18 18:57:37 --> syntax error, unexpected '*'
#0 C:\laragon\www\europharmaci4\system\Router\Router.php(175): CodeIgniter\Router\Router->autoRoute('usuarios/nuevo')
#1 C:\laragon\www\europharmaci4\system\CodeIgniter.php(717): CodeIgniter\Router\Router->handle('usuarios/nuevo')
#2 C:\laragon\www\europharmaci4\system\CodeIgniter.php(359): CodeIgniter\CodeIgniter->tryToRouteIt(Object(CodeIgniter\Router\RouteCollection))
#3 C:\laragon\www\europharmaci4\system\CodeIgniter.php(318): CodeIgniter\CodeIgniter->handleRequest(NULL, Object(Config\Cache), false)
#4 C:\laragon\www\europharmaci4\public\index.php(37): CodeIgniter\CodeIgniter->run()
#5 {main}
CRITICAL - 2022-01-18 18:57:56 --> Undefined index: idrol
#0 C:\laragon\www\europharmaci4\app\Views\Usuario\nuevo.php(63): CodeIgniter\Debug\Exceptions->errorHandler(8, 'Undefined index...', 'C:\\laragon\\www\\...', 63, Array)
#1 C:\laragon\www\europharmaci4\system\View\View.php(210): include('C:\\laragon\\www\\...')
#2 C:\laragon\www\europharmaci4\system\View\View.php(213): CodeIgniter\View\View->CodeIgniter\View\{closure}()
#3 C:\laragon\www\europharmaci4\system\Common.php(1094): CodeIgniter\View\View->render('Usuario/nuevo', Array, true)
#4 C:\laragon\www\europharmaci4\app\Controllers\Usuarios.php(56): view('Usuario/nuevo', Array)
#5 C:\laragon\www\europharmaci4\system\CodeIgniter.php(823): App\Controllers\Usuarios->nuevo()
#6 C:\laragon\www\europharmaci4\system\CodeIgniter.php(410): CodeIgniter\CodeIgniter->runController(Object(App\Controllers\Usuarios))
#7 C:\laragon\www\europharmaci4\system\CodeIgniter.php(318): CodeIgniter\CodeIgniter->handleRequest(NULL, Object(Config\Cache), false)
#8 C:\laragon\www\europharmaci4\public\index.php(37): CodeIgniter\CodeIgniter->run()
#9 {main}
CRITICAL - 2022-01-18 18:58:39 --> Undefined index: idrol
#0 C:\laragon\www\europharmaci4\app\Views\Usuario\nuevo.php(63): CodeIgniter\Debug\Exceptions->errorHandler(8, 'Undefined index...', 'C:\\laragon\\www\\...', 63, Array)
#1 C:\laragon\www\europharmaci4\system\View\View.php(210): include('C:\\laragon\\www\\...')
#2 C:\laragon\www\europharmaci4\system\View\View.php(213): CodeIgniter\View\View->CodeIgniter\View\{closure}()
#3 C:\laragon\www\europharmaci4\system\Common.php(1094): CodeIgniter\View\View->render('Usuario/nuevo', Array, true)
#4 C:\laragon\www\europharmaci4\app\Controllers\Usuarios.php(56): view('Usuario/nuevo', Array)
#5 C:\laragon\www\europharmaci4\system\CodeIgniter.php(823): App\Controllers\Usuarios->nuevo()
#6 C:\laragon\www\europharmaci4\system\CodeIgniter.php(410): CodeIgniter\CodeIgniter->runController(Object(App\Controllers\Usuarios))
#7 C:\laragon\www\europharmaci4\system\CodeIgniter.php(318): CodeIgniter\CodeIgniter->handleRequest(NULL, Object(Config\Cache), false)
#8 C:\laragon\www\europharmaci4\public\index.php(37): CodeIgniter\CodeIgniter->run()
#9 {main}
CRITICAL - 2022-01-18 18:59:00 --> Undefined index: idrol
#0 C:\laragon\www\europharmaci4\app\Views\Usuario\nuevo.php(63): CodeIgniter\Debug\Exceptions->errorHandler(8, 'Undefined index...', 'C:\\laragon\\www\\...', 63, Array)
#1 C:\laragon\www\europharmaci4\system\View\View.php(210): include('C:\\laragon\\www\\...')
#2 C:\laragon\www\europharmaci4\system\View\View.php(213): CodeIgniter\View\View->CodeIgniter\View\{closure}()
#3 C:\laragon\www\europharmaci4\system\Common.php(1094): CodeIgniter\View\View->render('Usuario/nuevo', Array, true)
#4 C:\laragon\www\europharmaci4\app\Controllers\Usuarios.php(56): view('Usuario/nuevo', Array)
#5 C:\laragon\www\europharmaci4\system\CodeIgniter.php(823): App\Controllers\Usuarios->nuevo()
#6 C:\laragon\www\europharmaci4\system\CodeIgniter.php(410): CodeIgniter\CodeIgniter->runController(Object(App\Controllers\Usuarios))
#7 C:\laragon\www\europharmaci4\system\CodeIgniter.php(318): CodeIgniter\CodeIgniter->handleRequest(NULL, Object(Config\Cache), false)
#8 C:\laragon\www\europharmaci4\public\index.php(37): CodeIgniter\CodeIgniter->run()
#9 {main}
CRITICAL - 2022-01-18 18:59:12 --> Undefined index: idrol
#0 C:\laragon\www\europharmaci4\app\Views\Usuario\nuevo.php(63): CodeIgniter\Debug\Exceptions->errorHandler(8, 'Undefined index...', 'C:\\laragon\\www\\...', 63, Array)
#1 C:\laragon\www\europharmaci4\system\View\View.php(210): include('C:\\laragon\\www\\...')
#2 C:\laragon\www\europharmaci4\system\View\View.php(213): CodeIgniter\View\View->CodeIgniter\View\{closure}()
#3 C:\laragon\www\europharmaci4\system\Common.php(1094): CodeIgniter\View\View->render('Usuario/nuevo', Array, true)
#4 C:\laragon\www\europharmaci4\app\Controllers\Usuarios.php(56): view('Usuario/nuevo', Array)
#5 C:\laragon\www\europharmaci4\system\CodeIgniter.php(823): App\Controllers\Usuarios->nuevo()
#6 C:\laragon\www\europharmaci4\system\CodeIgniter.php(410): CodeIgniter\CodeIgniter->runController(Object(App\Controllers\Usuarios))
#7 C:\laragon\www\europharmaci4\system\CodeIgniter.php(318): CodeIgniter\CodeIgniter->handleRequest(NULL, Object(Config\Cache), false)
#8 C:\laragon\www\europharmaci4\public\index.php(37): CodeIgniter\CodeIgniter->run()
#9 {main}
ERROR - 2022-01-18 19:04:42 --> Unknown column 'idrol.rol' in 'field list'
CRITICAL - 2022-01-18 19:04:42 --> Unknown column 'idrol.rol' in 'field list'
#0 C:\laragon\www\europharmaci4\system\Database\MySQLi\Connection.php(292): mysqli->query('SELECT `rol`.*,...', 0)
#1 C:\laragon\www\europharmaci4\system\Database\BaseConnection.php(670): CodeIgniter\Database\MySQLi\Connection->execute('SELECT `rol`.*,...')
#2 C:\laragon\www\europharmaci4\system\Database\BaseConnection.php(598): CodeIgniter\Database\BaseConnection->simpleQuery('SELECT `rol`.*,...')
#3 C:\laragon\www\europharmaci4\system\Database\BaseBuilder.php(1455): CodeIgniter\Database\BaseConnection->query('SELECT `rol`.*,...', Array, false)
#4 C:\laragon\www\europharmaci4\system\Model.php(183): CodeIgniter\Database\BaseBuilder->get()
#5 C:\laragon\www\europharmaci4\system\BaseModel.php(584): CodeIgniter\Model->doFindAll(0, 0)
#6 C:\laragon\www\europharmaci4\app\Controllers\Usuarios.php(50): CodeIgniter\BaseModel->findAll()
#7 C:\laragon\www\europharmaci4\system\CodeIgniter.php(823): App\Controllers\Usuarios->nuevo()
#8 C:\laragon\www\europharmaci4\system\CodeIgniter.php(410): CodeIgniter\CodeIgniter->runController(Object(App\Controllers\Usuarios))
#9 C:\laragon\www\europharmaci4\system\CodeIgniter.php(318): CodeIgniter\CodeIgniter->handleRequest(NULL, Object(Config\Cache), false)
#10 C:\laragon\www\europharmaci4\public\index.php(37): CodeIgniter\CodeIgniter->run()
#11 {main}
ERROR - 2022-01-18 19:05:04 --> Unknown column 'idrol.rol' in 'field list'
CRITICAL - 2022-01-18 19:05:04 --> Unknown column 'idrol.rol' in 'field list'
#0 C:\laragon\www\europharmaci4\system\Database\MySQLi\Connection.php(292): mysqli->query('SELECT `rol`.*,...', 0)
#1 C:\laragon\www\europharmaci4\system\Database\BaseConnection.php(670): CodeIgniter\Database\MySQLi\Connection->execute('SELECT `rol`.*,...')
#2 C:\laragon\www\europharmaci4\system\Database\BaseConnection.php(598): CodeIgniter\Database\BaseConnection->simpleQuery('SELECT `rol`.*,...')
#3 C:\laragon\www\europharmaci4\system\Database\BaseBuilder.php(1455): CodeIgniter\Database\BaseConnection->query('SELECT `rol`.*,...', Array, false)
#4 C:\laragon\www\europharmaci4\system\Model.php(183): CodeIgniter\Database\BaseBuilder->get()
#5 C:\laragon\www\europharmaci4\system\BaseModel.php(584): CodeIgniter\Model->doFindAll(0, 0)
#6 C:\laragon\www\europharmaci4\app\Controllers\Usuarios.php(50): CodeIgniter\BaseModel->findAll()
#7 C:\laragon\www\europharmaci4\system\CodeIgniter.php(823): App\Controllers\Usuarios->nuevo()
#8 C:\laragon\www\europharmaci4\system\CodeIgniter.php(410): CodeIgniter\CodeIgniter->runController(Object(App\Controllers\Usuarios))
#9 C:\laragon\www\europharmaci4\system\CodeIgniter.php(318): CodeIgniter\CodeIgniter->handleRequest(NULL, Object(Config\Cache), false)
#10 C:\laragon\www\europharmaci4\public\index.php(37): CodeIgniter\CodeIgniter->run()
#11 {main}
CRITICAL - 2022-01-18 19:05:45 --> Undefined index: idrol
#0 C:\laragon\www\europharmaci4\app\Views\Usuario\nuevo.php(63): CodeIgniter\Debug\Exceptions->errorHandler(8, 'Undefined index...', 'C:\\laragon\\www\\...', 63, Array)
#1 C:\laragon\www\europharmaci4\system\View\View.php(210): include('C:\\laragon\\www\\...')
#2 C:\laragon\www\europharmaci4\system\View\View.php(213): CodeIgniter\View\View->CodeIgniter\View\{closure}()
#3 C:\laragon\www\europharmaci4\system\Common.php(1094): CodeIgniter\View\View->render('Usuario/nuevo', Array, true)
#4 C:\laragon\www\europharmaci4\app\Controllers\Usuarios.php(56): view('Usuario/nuevo', Array)
#5 C:\laragon\www\europharmaci4\system\CodeIgniter.php(823): App\Controllers\Usuarios->nuevo()
#6 C:\laragon\www\europharmaci4\system\CodeIgniter.php(410): CodeIgniter\CodeIgniter->runController(Object(App\Controllers\Usuarios))
#7 C:\laragon\www\europharmaci4\system\CodeIgniter.php(318): CodeIgniter\CodeIgniter->handleRequest(NULL, Object(Config\Cache), false)
#8 C:\laragon\www\europharmaci4\public\index.php(37): CodeIgniter\CodeIgniter->run()
#9 {main}
CRITICAL - 2022-01-18 19:06:24 --> Undefined index: idrol
#0 C:\laragon\www\europharmaci4\app\Views\Usuario\nuevo.php(63): CodeIgniter\Debug\Exceptions->errorHandler(8, 'Undefined index...', 'C:\\laragon\\www\\...', 63, Array)
#1 C:\laragon\www\europharmaci4\system\View\View.php(210): include('C:\\laragon\\www\\...')
#2 C:\laragon\www\europharmaci4\system\View\View.php(213): CodeIgniter\View\View->CodeIgniter\View\{closure}()
#3 C:\laragon\www\europharmaci4\system\Common.php(1094): CodeIgniter\View\View->render('Usuario/nuevo', Array, true)
#4 C:\laragon\www\europharmaci4\app\Controllers\Usuarios.php(56): view('Usuario/nuevo', Array)
#5 C:\laragon\www\europharmaci4\system\CodeIgniter.php(823): App\Controllers\Usuarios->nuevo()
#6 C:\laragon\www\europharmaci4\system\CodeIgniter.php(410): CodeIgniter\CodeIgniter->runController(Object(App\Controllers\Usuarios))
#7 C:\laragon\www\europharmaci4\system\CodeIgniter.php(318): CodeIgniter\CodeIgniter->handleRequest(NULL, Object(Config\Cache), false)
#8 C:\laragon\www\europharmaci4\public\index.php(37): CodeIgniter\CodeIgniter->run()
#9 {main}
CRITICAL - 2022-01-18 19:07:09 --> Undefined index: idrol
#0 C:\laragon\www\europharmaci4\app\Views\Usuario\nuevo.php(63): CodeIgniter\Debug\Exceptions->errorHandler(8, 'Undefined index...', 'C:\\laragon\\www\\...', 63, Array)
#1 C:\laragon\www\europharmaci4\system\View\View.php(210): include('C:\\laragon\\www\\...')
#2 C:\laragon\www\europharmaci4\system\View\View.php(213): CodeIgniter\View\View->CodeIgniter\View\{closure}()
#3 C:\laragon\www\europharmaci4\system\Common.php(1094): CodeIgniter\View\View->render('Usuario/nuevo', Array, true)
#4 C:\laragon\www\europharmaci4\app\Controllers\Usuarios.php(56): view('Usuario/nuevo', Array)
#5 C:\laragon\www\europharmaci4\system\CodeIgniter.php(823): App\Controllers\Usuarios->nuevo()
#6 C:\laragon\www\europharmaci4\system\CodeIgniter.php(410): CodeIgniter\CodeIgniter->runController(Object(App\Controllers\Usuarios))
#7 C:\laragon\www\europharmaci4\system\CodeIgniter.php(318): CodeIgniter\CodeIgniter->handleRequest(NULL, Object(Config\Cache), false)
#8 C:\laragon\www\europharmaci4\public\index.php(37): CodeIgniter\CodeIgniter->run()
#9 {main}
CRITICAL - 2022-01-18 19:09:08 --> Undefined index: nombrerol
#0 C:\laragon\www\europharmaci4\app\Views\Usuario\nuevo.php(63): CodeIgniter\Debug\Exceptions->errorHandler(8, 'Undefined index...', 'C:\\laragon\\www\\...', 63, Array)
#1 C:\laragon\www\europharmaci4\system\View\View.php(210): include('C:\\laragon\\www\\...')
#2 C:\laragon\www\europharmaci4\system\View\View.php(213): CodeIgniter\View\View->CodeIgniter\View\{closure}()
#3 C:\laragon\www\europharmaci4\system\Common.php(1094): CodeIgniter\View\View->render('Usuario/nuevo', Array, true)
#4 C:\laragon\www\europharmaci4\app\Controllers\Usuarios.php(56): view('Usuario/nuevo', Array)
#5 C:\laragon\www\europharmaci4\system\CodeIgniter.php(823): App\Controllers\Usuarios->nuevo()
#6 C:\laragon\www\europharmaci4\system\CodeIgniter.php(410): CodeIgniter\CodeIgniter->runController(Object(App\Controllers\Usuarios))
#7 C:\laragon\www\europharmaci4\system\CodeIgniter.php(318): CodeIgniter\CodeIgniter->handleRequest(NULL, Object(Config\Cache), false)
#8 C:\laragon\www\europharmaci4\public\index.php(37): CodeIgniter\CodeIgniter->run()
#9 {main}
ERROR - 2022-01-18 19:12:32 --> Not unique table/alias: 'usuario'
CRITICAL - 2022-01-18 19:12:32 --> Not unique table/alias: 'usuario'
#0 C:\laragon\www\europharmaci4\system\Database\MySQLi\Connection.php(292): mysqli->query('SELECT `rol`.*,...', 0)
#1 C:\laragon\www\europharmaci4\system\Database\BaseConnection.php(670): CodeIgniter\Database\MySQLi\Connection->execute('SELECT `rol`.*,...')
#2 C:\laragon\www\europharmaci4\system\Database\BaseConnection.php(598): CodeIgniter\Database\BaseConnection->simpleQuery('SELECT `rol`.*,...')
#3 C:\laragon\www\europharmaci4\system\Database\BaseBuilder.php(1455): CodeIgniter\Database\BaseConnection->query('SELECT `rol`.*,...', Array, false)
#4 C:\laragon\www\europharmaci4\system\Model.php(183): CodeIgniter\Database\BaseBuilder->get()
#5 C:\laragon\www\europharmaci4\system\BaseModel.php(584): CodeIgniter\Model->doFindAll(0, 0)
#6 C:\laragon\www\europharmaci4\app\Controllers\Usuarios.php(50): CodeIgniter\BaseModel->findAll()
#7 C:\laragon\www\europharmaci4\system\CodeIgniter.php(823): App\Controllers\Usuarios->nuevo()
#8 C:\laragon\www\europharmaci4\system\CodeIgniter.php(410): CodeIgniter\CodeIgniter->runController(Object(App\Controllers\Usuarios))
#9 C:\laragon\www\europharmaci4\system\CodeIgniter.php(318): CodeIgniter\CodeIgniter->handleRequest(NULL, Object(Config\Cache), false)
#10 C:\laragon\www\europharmaci4\public\index.php(37): CodeIgniter\CodeIgniter->run()
#11 {main}
CRITICAL - 2022-01-18 19:13:05 --> Undefined index: idrol
#0 C:\laragon\www\europharmaci4\app\Views\Usuario\nuevo.php(63): CodeIgniter\Debug\Exceptions->errorHandler(8, 'Undefined index...', 'C:\\laragon\\www\\...', 63, Array)
#1 C:\laragon\www\europharmaci4\system\View\View.php(210): include('C:\\laragon\\www\\...')
#2 C:\laragon\www\europharmaci4\system\View\View.php(213): CodeIgniter\View\View->CodeIgniter\View\{closure}()
#3 C:\laragon\www\europharmaci4\system\Common.php(1094): CodeIgniter\View\View->render('Usuario/nuevo', Array, true)
#4 C:\laragon\www\europharmaci4\app\Controllers\Usuarios.php(56): view('Usuario/nuevo', Array)
#5 C:\laragon\www\europharmaci4\system\CodeIgniter.php(823): App\Controllers\Usuarios->nuevo()
#6 C:\laragon\www\europharmaci4\system\CodeIgniter.php(410): CodeIgniter\CodeIgniter->runController(Object(App\Controllers\Usuarios))
#7 C:\laragon\www\europharmaci4\system\CodeIgniter.php(318): CodeIgniter\CodeIgniter->handleRequest(NULL, Object(Config\Cache), false)
#8 C:\laragon\www\europharmaci4\public\index.php(37): CodeIgniter\CodeIgniter->run()
#9 {main}
CRITICAL - 2022-01-18 19:22:12 --> Class 'App\Controllers\RolesModel' not found
#0 C:\laragon\www\europharmaci4\system\CodeIgniter.php(823): App\Controllers\Usuarios->nuevo()
#1 C:\laragon\www\europharmaci4\system\CodeIgniter.php(410): CodeIgniter\CodeIgniter->runController(Object(App\Controllers\Usuarios))
#2 C:\laragon\www\europharmaci4\system\CodeIgniter.php(318): CodeIgniter\CodeIgniter->handleRequest(NULL, Object(Config\Cache), false)
#3 C:\laragon\www\europharmaci4\public\index.php(37): CodeIgniter\CodeIgniter->run()
#4 {main}
CRITICAL - 2022-01-18 19:22:40 --> Class 'App\Controllers\RolesModel' not found
#0 C:\laragon\www\europharmaci4\system\CodeIgniter.php(823): App\Controllers\Usuarios->nuevo()
#1 C:\laragon\www\europharmaci4\system\CodeIgniter.php(410): CodeIgniter\CodeIgniter->runController(Object(App\Controllers\Usuarios))
#2 C:\laragon\www\europharmaci4\system\CodeIgniter.php(318): CodeIgniter\CodeIgniter->handleRequest(NULL, Object(Config\Cache), false)
#3 C:\laragon\www\europharmaci4\public\index.php(37): CodeIgniter\CodeIgniter->run()
#4 {main}
CRITICAL - 2022-01-18 19:22:42 --> Class 'App\Controllers\RolesModel' not found
#0 C:\laragon\www\europharmaci4\system\CodeIgniter.php(823): App\Controllers\Usuarios->nuevo()
#1 C:\laragon\www\europharmaci4\system\CodeIgniter.php(410): CodeIgniter\CodeIgniter->runController(Object(App\Controllers\Usuarios))
#2 C:\laragon\www\europharmaci4\system\CodeIgniter.php(318): CodeIgniter\CodeIgniter->handleRequest(NULL, Object(Config\Cache), false)
#3 C:\laragon\www\europharmaci4\public\index.php(37): CodeIgniter\CodeIgniter->run()
#4 {main}
CRITICAL - 2022-01-18 19:24:06 --> Undefined property: App\Controllers\Usuarios::$usuarios
#0 C:\laragon\www\europharmaci4\app\Controllers\Usuarios.php(60): CodeIgniter\Debug\Exceptions->errorHandler(8, 'Undefined prope...', 'C:\\laragon\\www\\...', 60, Array)
#1 C:\laragon\www\europharmaci4\system\CodeIgniter.php(823): App\Controllers\Usuarios->insertar()
#2 C:\laragon\www\europharmaci4\system\CodeIgniter.php(410): CodeIgniter\CodeIgniter->runController(Object(App\Controllers\Usuarios))
#3 C:\laragon\www\europharmaci4\system\CodeIgniter.php(318): CodeIgniter\CodeIgniter->handleRequest(NULL, Object(Config\Cache), false)
#4 C:\laragon\www\europharmaci4\public\index.php(37): CodeIgniter\CodeIgniter->run()
#5 {main}
CRITICAL - 2022-01-18 19:25:16 --> Undefined property: App\Controllers\Usuarios::$usuarios
#0 C:\laragon\www\europharmaci4\app\Controllers\Usuarios.php(63): CodeIgniter\Debug\Exceptions->errorHandler(8, 'Undefined prope...', 'C:\\laragon\\www\\...', 63, Array)
#1 C:\laragon\www\europharmaci4\system\CodeIgniter.php(823): App\Controllers\Usuarios->insertar()
#2 C:\laragon\www\europharmaci4\system\CodeIgniter.php(410): CodeIgniter\CodeIgniter->runController(Object(App\Controllers\Usuarios))
#3 C:\laragon\www\europharmaci4\system\CodeIgniter.php(318): CodeIgniter\CodeIgniter->handleRequest(NULL, Object(Config\Cache), false)
#4 C:\laragon\www\europharmaci4\public\index.php(37): CodeIgniter\CodeIgniter->run()
#5 {main}
CRITICAL - 2022-01-18 19:25:29 --> Undefined property: App\Controllers\Usuarios::$usuarios
#0 C:\laragon\www\europharmaci4\app\Controllers\Usuarios.php(63): CodeIgniter\Debug\Exceptions->errorHandler(8, 'Undefined prope...', 'C:\\laragon\\www\\...', 63, Array)
#1 C:\laragon\www\europharmaci4\system\CodeIgniter.php(823): App\Controllers\Usuarios->insertar()
#2 C:\laragon\www\europharmaci4\system\CodeIgniter.php(410): CodeIgniter\CodeIgniter->runController(Object(App\Controllers\Usuarios))
#3 C:\laragon\www\europharmaci4\system\CodeIgniter.php(318): CodeIgniter\CodeIgniter->handleRequest(NULL, Object(Config\Cache), false)
#4 C:\laragon\www\europharmaci4\public\index.php(37): CodeIgniter\CodeIgniter->run()
#5 {main}
CRITICAL - 2022-01-18 19:40:57 --> Call to undefined method CodeIgniter\HTTP\IncomingRequest::md5()
#0 C:\laragon\www\europharmaci4\system\CodeIgniter.php(823): App\Controllers\Usuarios->insertar()
#1 C:\laragon\www\europharmaci4\system\CodeIgniter.php(410): CodeIgniter\CodeIgniter->runController(Object(App\Controllers\Usuarios))
#2 C:\laragon\www\europharmaci4\system\CodeIgniter.php(318): CodeIgniter\CodeIgniter->handleRequest(NULL, Object(Config\Cache), false)
#3 C:\laragon\www\europharmaci4\public\index.php(37): CodeIgniter\CodeIgniter->run()
#4 {main}
