CRITICAL - 2022-01-21 11:44:36 --> syntax error, unexpected '&&' (T_BOOLEAN_AND)
#0 C:\laragon\www\europharmaci4\system\Router\Router.php(175): CodeIgniter\Router\Router->autoRoute('usuarios')
#1 C:\laragon\www\europharmaci4\system\CodeIgniter.php(717): CodeIgniter\Router\Router->handle('usuarios')
#2 C:\laragon\www\europharmaci4\system\CodeIgniter.php(359): CodeIgniter\CodeIgniter->tryToRouteIt(Object(CodeIgniter\Router\RouteCollection))
#3 C:\laragon\www\europharmaci4\system\CodeIgniter.php(318): CodeIgniter\CodeIgniter->handleRequest(NULL, Object(Config\Cache), false)
#4 C:\laragon\www\europharmaci4\public\index.php(37): CodeIgniter\CodeIgniter->run()
#5 {main}
CRITICAL - 2022-01-21 12:59:51 --> syntax error, unexpected '?>', expecting ':'
#0 C:\laragon\www\europharmaci4\system\View\View.php(213): CodeIgniter\View\View->CodeIgniter\View\{closure}()
#1 C:\laragon\www\europharmaci4\system\Common.php(1094): CodeIgniter\View\View->render('Usuario/listar', Array, true)
#2 C:\laragon\www\europharmaci4\app\Controllers\Usuarios.php(40): view('Usuario/listar', Array)
#3 C:\laragon\www\europharmaci4\system\CodeIgniter.php(823): App\Controllers\Usuarios->index()
#4 C:\laragon\www\europharmaci4\system\CodeIgniter.php(410): CodeIgniter\CodeIgniter->runController(Object(App\Controllers\Usuarios))
#5 C:\laragon\www\europharmaci4\system\CodeIgniter.php(318): CodeIgniter\CodeIgniter->handleRequest(NULL, Object(Config\Cache), false)
#6 C:\laragon\www\europharmaci4\public\index.php(37): CodeIgniter\CodeIgniter->run()
#7 {main}
CRITICAL - 2022-01-21 13:00:19 --> Use of undefined constant expresión - assumed 'expresión' (this will throw an Error in a future version of PHP)
#0 C:\laragon\www\europharmaci4\app\Views\Usuario\listar.php(96): CodeIgniter\Debug\Exceptions->errorHandler(2, 'Use of undefine...', 'C:\\laragon\\www\\...', 96, Array)
#1 C:\laragon\www\europharmaci4\system\View\View.php(210): include('C:\\laragon\\www\\...')
#2 C:\laragon\www\europharmaci4\system\View\View.php(213): CodeIgniter\View\View->CodeIgniter\View\{closure}()
#3 C:\laragon\www\europharmaci4\system\Common.php(1094): CodeIgniter\View\View->render('Usuario/listar', Array, true)
#4 C:\laragon\www\europharmaci4\app\Controllers\Usuarios.php(40): view('Usuario/listar', Array)
#5 C:\laragon\www\europharmaci4\system\CodeIgniter.php(823): App\Controllers\Usuarios->index()
#6 C:\laragon\www\europharmaci4\system\CodeIgniter.php(410): CodeIgniter\CodeIgniter->runController(Object(App\Controllers\Usuarios))
#7 C:\laragon\www\europharmaci4\system\CodeIgniter.php(318): CodeIgniter\CodeIgniter->handleRequest(NULL, Object(Config\Cache), false)
#8 C:\laragon\www\europharmaci4\public\index.php(37): CodeIgniter\CodeIgniter->run()
#9 {main}
CRITICAL - 2022-01-21 16:03:52 --> Undefined variable: data
#0 C:\laragon\www\europharmaci4\app\Views\Usuario\listar.php(96): CodeIgniter\Debug\Exceptions->errorHandler(8, 'Undefined varia...', 'C:\\laragon\\www\\...', 96, Array)
#1 C:\laragon\www\europharmaci4\system\View\View.php(210): include('C:\\laragon\\www\\...')
#2 C:\laragon\www\europharmaci4\system\View\View.php(213): CodeIgniter\View\View->CodeIgniter\View\{closure}()
#3 C:\laragon\www\europharmaci4\system\Common.php(1094): CodeIgniter\View\View->render('Usuario/listar', Array, true)
#4 C:\laragon\www\europharmaci4\app\Controllers\Usuarios.php(40): view('Usuario/listar', Array)
#5 C:\laragon\www\europharmaci4\system\CodeIgniter.php(823): App\Controllers\Usuarios->index()
#6 C:\laragon\www\europharmaci4\system\CodeIgniter.php(410): CodeIgniter\CodeIgniter->runController(Object(App\Controllers\Usuarios))
#7 C:\laragon\www\europharmaci4\system\CodeIgniter.php(318): CodeIgniter\CodeIgniter->handleRequest(NULL, Object(Config\Cache), false)
#8 C:\laragon\www\europharmaci4\public\index.php(37): CodeIgniter\CodeIgniter->run()
#9 {main}
CRITICAL - 2022-01-21 16:39:28 --> Illegal string offset 'idrol'
#0 C:\laragon\www\europharmaci4\app\Views\Usuario\editar.php(72): CodeIgniter\Debug\Exceptions->errorHandler(2, 'Illegal string ...', 'C:\\laragon\\www\\...', 72, Array)
#1 C:\laragon\www\europharmaci4\system\View\View.php(210): include('C:\\laragon\\www\\...')
#2 C:\laragon\www\europharmaci4\system\View\View.php(213): CodeIgniter\View\View->CodeIgniter\View\{closure}()
#3 C:\laragon\www\europharmaci4\system\Common.php(1094): CodeIgniter\View\View->render('Usuario/editar', Array, true)
#4 C:\laragon\www\europharmaci4\app\Controllers\Usuarios.php(121): view('Usuario/editar', Array)
#5 C:\laragon\www\europharmaci4\system\CodeIgniter.php(823): App\Controllers\Usuarios->edit('1')
#6 C:\laragon\www\europharmaci4\system\CodeIgniter.php(410): CodeIgniter\CodeIgniter->runController(Object(App\Controllers\Usuarios))
#7 C:\laragon\www\europharmaci4\system\CodeIgniter.php(318): CodeIgniter\CodeIgniter->handleRequest(NULL, Object(Config\Cache), false)
#8 C:\laragon\www\europharmaci4\public\index.php(37): CodeIgniter\CodeIgniter->run()
#9 {main}
CRITICAL - 2022-01-21 16:45:47 --> Illegal string offset 'idrol'
#0 C:\laragon\www\europharmaci4\app\Views\Usuario\editar.php(72): CodeIgniter\Debug\Exceptions->errorHandler(2, 'Illegal string ...', 'C:\\laragon\\www\\...', 72, Array)
#1 C:\laragon\www\europharmaci4\system\View\View.php(210): include('C:\\laragon\\www\\...')
#2 C:\laragon\www\europharmaci4\system\View\View.php(213): CodeIgniter\View\View->CodeIgniter\View\{closure}()
#3 C:\laragon\www\europharmaci4\system\Common.php(1094): CodeIgniter\View\View->render('Usuario/editar', Array, true)
#4 C:\laragon\www\europharmaci4\app\Controllers\Usuarios.php(121): view('Usuario/editar', Array)
#5 C:\laragon\www\europharmaci4\system\CodeIgniter.php(823): App\Controllers\Usuarios->edit('1')
#6 C:\laragon\www\europharmaci4\system\CodeIgniter.php(410): CodeIgniter\CodeIgniter->runController(Object(App\Controllers\Usuarios))
#7 C:\laragon\www\europharmaci4\system\CodeIgniter.php(318): CodeIgniter\CodeIgniter->handleRequest(NULL, Object(Config\Cache), false)
#8 C:\laragon\www\europharmaci4\public\index.php(37): CodeIgniter\CodeIgniter->run()
#9 {main}
CRITICAL - 2022-01-21 16:52:18 --> Illegal string offset 'idrol'
#0 C:\laragon\www\europharmaci4\app\Views\Usuario\editar.php(72): CodeIgniter\Debug\Exceptions->errorHandler(2, 'Illegal string ...', 'C:\\laragon\\www\\...', 72, Array)
#1 C:\laragon\www\europharmaci4\system\View\View.php(210): include('C:\\laragon\\www\\...')
#2 C:\laragon\www\europharmaci4\system\View\View.php(213): CodeIgniter\View\View->CodeIgniter\View\{closure}()
#3 C:\laragon\www\europharmaci4\system\Common.php(1094): CodeIgniter\View\View->render('Usuario/editar', Array, true)
#4 C:\laragon\www\europharmaci4\app\Controllers\Usuarios.php(127): view('Usuario/editar', Array)
#5 C:\laragon\www\europharmaci4\system\CodeIgniter.php(823): App\Controllers\Usuarios->edit('1')
#6 C:\laragon\www\europharmaci4\system\CodeIgniter.php(410): CodeIgniter\CodeIgniter->runController(Object(App\Controllers\Usuarios))
#7 C:\laragon\www\europharmaci4\system\CodeIgniter.php(318): CodeIgniter\CodeIgniter->handleRequest(NULL, Object(Config\Cache), false)
#8 C:\laragon\www\europharmaci4\public\index.php(37): CodeIgniter\CodeIgniter->run()
#9 {main}
CRITICAL - 2022-01-21 16:52:21 --> Illegal string offset 'idrol'
#0 C:\laragon\www\europharmaci4\app\Views\Usuario\editar.php(72): CodeIgniter\Debug\Exceptions->errorHandler(2, 'Illegal string ...', 'C:\\laragon\\www\\...', 72, Array)
#1 C:\laragon\www\europharmaci4\system\View\View.php(210): include('C:\\laragon\\www\\...')
#2 C:\laragon\www\europharmaci4\system\View\View.php(213): CodeIgniter\View\View->CodeIgniter\View\{closure}()
#3 C:\laragon\www\europharmaci4\system\Common.php(1094): CodeIgniter\View\View->render('Usuario/editar', Array, true)
#4 C:\laragon\www\europharmaci4\app\Controllers\Usuarios.php(127): view('Usuario/editar', Array)
#5 C:\laragon\www\europharmaci4\system\CodeIgniter.php(823): App\Controllers\Usuarios->edit('1')
#6 C:\laragon\www\europharmaci4\system\CodeIgniter.php(410): CodeIgniter\CodeIgniter->runController(Object(App\Controllers\Usuarios))
#7 C:\laragon\www\europharmaci4\system\CodeIgniter.php(318): CodeIgniter\CodeIgniter->handleRequest(NULL, Object(Config\Cache), false)
#8 C:\laragon\www\europharmaci4\public\index.php(37): CodeIgniter\CodeIgniter->run()
#9 {main}
CRITICAL - 2022-01-21 17:07:30 --> Illegal string offset 'idrol'
#0 C:\laragon\www\europharmaci4\app\Views\Usuario\editar.php(72): CodeIgniter\Debug\Exceptions->errorHandler(2, 'Illegal string ...', 'C:\\laragon\\www\\...', 72, Array)
#1 C:\laragon\www\europharmaci4\system\View\View.php(210): include('C:\\laragon\\www\\...')
#2 C:\laragon\www\europharmaci4\system\View\View.php(213): CodeIgniter\View\View->CodeIgniter\View\{closure}()
#3 C:\laragon\www\europharmaci4\system\Common.php(1094): CodeIgniter\View\View->render('Usuario/editar', Array, true)
#4 C:\laragon\www\europharmaci4\app\Controllers\Usuarios.php(127): view('Usuario/editar', Array)
#5 C:\laragon\www\europharmaci4\system\CodeIgniter.php(823): App\Controllers\Usuarios->edit('1')
#6 C:\laragon\www\europharmaci4\system\CodeIgniter.php(410): CodeIgniter\CodeIgniter->runController(Object(App\Controllers\Usuarios))
#7 C:\laragon\www\europharmaci4\system\CodeIgniter.php(318): CodeIgniter\CodeIgniter->handleRequest(NULL, Object(Config\Cache), false)
#8 C:\laragon\www\europharmaci4\public\index.php(37): CodeIgniter\CodeIgniter->run()
#9 {main}
CRITICAL - 2022-01-21 17:07:32 --> Illegal string offset 'idrol'
#0 C:\laragon\www\europharmaci4\app\Views\Usuario\editar.php(72): CodeIgniter\Debug\Exceptions->errorHandler(2, 'Illegal string ...', 'C:\\laragon\\www\\...', 72, Array)
#1 C:\laragon\www\europharmaci4\system\View\View.php(210): include('C:\\laragon\\www\\...')
#2 C:\laragon\www\europharmaci4\system\View\View.php(213): CodeIgniter\View\View->CodeIgniter\View\{closure}()
#3 C:\laragon\www\europharmaci4\system\Common.php(1094): CodeIgniter\View\View->render('Usuario/editar', Array, true)
#4 C:\laragon\www\europharmaci4\app\Controllers\Usuarios.php(127): view('Usuario/editar', Array)
#5 C:\laragon\www\europharmaci4\system\CodeIgniter.php(823): App\Controllers\Usuarios->edit('1')
#6 C:\laragon\www\europharmaci4\system\CodeIgniter.php(410): CodeIgniter\CodeIgniter->runController(Object(App\Controllers\Usuarios))
#7 C:\laragon\www\europharmaci4\system\CodeIgniter.php(318): CodeIgniter\CodeIgniter->handleRequest(NULL, Object(Config\Cache), false)
#8 C:\laragon\www\europharmaci4\public\index.php(37): CodeIgniter\CodeIgniter->run()
#9 {main}
CRITICAL - 2022-01-21 17:08:45 --> Illegal string offset 'idrol'
#0 C:\laragon\www\europharmaci4\app\Views\Usuario\editar.php(72): CodeIgniter\Debug\Exceptions->errorHandler(2, 'Illegal string ...', 'C:\\laragon\\www\\...', 72, Array)
#1 C:\laragon\www\europharmaci4\system\View\View.php(210): include('C:\\laragon\\www\\...')
#2 C:\laragon\www\europharmaci4\system\View\View.php(213): CodeIgniter\View\View->CodeIgniter\View\{closure}()
#3 C:\laragon\www\europharmaci4\system\Common.php(1094): CodeIgniter\View\View->render('Usuario/editar', Array, true)
#4 C:\laragon\www\europharmaci4\app\Controllers\Usuarios.php(127): view('Usuario/editar', Array)
#5 C:\laragon\www\europharmaci4\system\CodeIgniter.php(823): App\Controllers\Usuarios->edit('1')
#6 C:\laragon\www\europharmaci4\system\CodeIgniter.php(410): CodeIgniter\CodeIgniter->runController(Object(App\Controllers\Usuarios))
#7 C:\laragon\www\europharmaci4\system\CodeIgniter.php(318): CodeIgniter\CodeIgniter->handleRequest(NULL, Object(Config\Cache), false)
#8 C:\laragon\www\europharmaci4\public\index.php(37): CodeIgniter\CodeIgniter->run()
#9 {main}
CRITICAL - 2022-01-21 17:10:44 --> Trying to get property 'idrol' of non-object
#0 C:\laragon\www\europharmaci4\app\Views\Usuario\editar.php(72): CodeIgniter\Debug\Exceptions->errorHandler(8, 'Trying to get p...', 'C:\\laragon\\www\\...', 72, Array)
#1 C:\laragon\www\europharmaci4\system\View\View.php(210): include('C:\\laragon\\www\\...')
#2 C:\laragon\www\europharmaci4\system\View\View.php(213): CodeIgniter\View\View->CodeIgniter\View\{closure}()
#3 C:\laragon\www\europharmaci4\system\Common.php(1094): CodeIgniter\View\View->render('Usuario/editar', Array, true)
#4 C:\laragon\www\europharmaci4\app\Controllers\Usuarios.php(127): view('Usuario/editar', Array)
#5 C:\laragon\www\europharmaci4\system\CodeIgniter.php(823): App\Controllers\Usuarios->edit('1')
#6 C:\laragon\www\europharmaci4\system\CodeIgniter.php(410): CodeIgniter\CodeIgniter->runController(Object(App\Controllers\Usuarios))
#7 C:\laragon\www\europharmaci4\system\CodeIgniter.php(318): CodeIgniter\CodeIgniter->handleRequest(NULL, Object(Config\Cache), false)
#8 C:\laragon\www\europharmaci4\public\index.php(37): CodeIgniter\CodeIgniter->run()
#9 {main}
CRITICAL - 2022-01-21 17:14:32 --> Trying to get property 'idrol' of non-object
#0 C:\laragon\www\europharmaci4\app\Views\Usuario\editar.php(72): CodeIgniter\Debug\Exceptions->errorHandler(8, 'Trying to get p...', 'C:\\laragon\\www\\...', 72, Array)
#1 C:\laragon\www\europharmaci4\system\View\View.php(210): include('C:\\laragon\\www\\...')
#2 C:\laragon\www\europharmaci4\system\View\View.php(213): CodeIgniter\View\View->CodeIgniter\View\{closure}()
#3 C:\laragon\www\europharmaci4\system\Common.php(1094): CodeIgniter\View\View->render('Usuario/editar', Array, true)
#4 C:\laragon\www\europharmaci4\app\Controllers\Usuarios.php(127): view('Usuario/editar', Array)
#5 C:\laragon\www\europharmaci4\system\CodeIgniter.php(823): App\Controllers\Usuarios->edit('1')
#6 C:\laragon\www\europharmaci4\system\CodeIgniter.php(410): CodeIgniter\CodeIgniter->runController(Object(App\Controllers\Usuarios))
#7 C:\laragon\www\europharmaci4\system\CodeIgniter.php(318): CodeIgniter\CodeIgniter->handleRequest(NULL, Object(Config\Cache), false)
#8 C:\laragon\www\europharmaci4\public\index.php(37): CodeIgniter\CodeIgniter->run()
#9 {main}
CRITICAL - 2022-01-21 17:15:38 --> Illegal string offset 'idrol'
#0 C:\laragon\www\europharmaci4\app\Views\Usuario\editar.php(72): CodeIgniter\Debug\Exceptions->errorHandler(2, 'Illegal string ...', 'C:\\laragon\\www\\...', 72, Array)
#1 C:\laragon\www\europharmaci4\system\View\View.php(210): include('C:\\laragon\\www\\...')
#2 C:\laragon\www\europharmaci4\system\View\View.php(213): CodeIgniter\View\View->CodeIgniter\View\{closure}()
#3 C:\laragon\www\europharmaci4\system\Common.php(1094): CodeIgniter\View\View->render('Usuario/editar', Array, true)
#4 C:\laragon\www\europharmaci4\app\Controllers\Usuarios.php(127): view('Usuario/editar', Array)
#5 C:\laragon\www\europharmaci4\system\CodeIgniter.php(823): App\Controllers\Usuarios->edit('1')
#6 C:\laragon\www\europharmaci4\system\CodeIgniter.php(410): CodeIgniter\CodeIgniter->runController(Object(App\Controllers\Usuarios))
#7 C:\laragon\www\europharmaci4\system\CodeIgniter.php(318): CodeIgniter\CodeIgniter->handleRequest(NULL, Object(Config\Cache), false)
#8 C:\laragon\www\europharmaci4\public\index.php(37): CodeIgniter\CodeIgniter->run()
#9 {main}
CRITICAL - 2022-01-21 17:17:30 --> Undefined variable: val
#0 C:\laragon\www\europharmaci4\app\Views\Usuario\editar.php(72): CodeIgniter\Debug\Exceptions->errorHandler(8, 'Undefined varia...', 'C:\\laragon\\www\\...', 72, Array)
#1 C:\laragon\www\europharmaci4\system\View\View.php(210): include('C:\\laragon\\www\\...')
#2 C:\laragon\www\europharmaci4\system\View\View.php(213): CodeIgniter\View\View->CodeIgniter\View\{closure}()
#3 C:\laragon\www\europharmaci4\system\Common.php(1094): CodeIgniter\View\View->render('Usuario/editar', Array, true)
#4 C:\laragon\www\europharmaci4\app\Controllers\Usuarios.php(127): view('Usuario/editar', Array)
#5 C:\laragon\www\europharmaci4\system\CodeIgniter.php(823): App\Controllers\Usuarios->edit('1')
#6 C:\laragon\www\europharmaci4\system\CodeIgniter.php(410): CodeIgniter\CodeIgniter->runController(Object(App\Controllers\Usuarios))
#7 C:\laragon\www\europharmaci4\system\CodeIgniter.php(318): CodeIgniter\CodeIgniter->handleRequest(NULL, Object(Config\Cache), false)
#8 C:\laragon\www\europharmaci4\public\index.php(37): CodeIgniter\CodeIgniter->run()
#9 {main}
CRITICAL - 2022-01-21 17:17:31 --> Undefined variable: val
#0 C:\laragon\www\europharmaci4\app\Views\Usuario\editar.php(72): CodeIgniter\Debug\Exceptions->errorHandler(8, 'Undefined varia...', 'C:\\laragon\\www\\...', 72, Array)
#1 C:\laragon\www\europharmaci4\system\View\View.php(210): include('C:\\laragon\\www\\...')
#2 C:\laragon\www\europharmaci4\system\View\View.php(213): CodeIgniter\View\View->CodeIgniter\View\{closure}()
#3 C:\laragon\www\europharmaci4\system\Common.php(1094): CodeIgniter\View\View->render('Usuario/editar', Array, true)
#4 C:\laragon\www\europharmaci4\app\Controllers\Usuarios.php(127): view('Usuario/editar', Array)
#5 C:\laragon\www\europharmaci4\system\CodeIgniter.php(823): App\Controllers\Usuarios->edit('1')
#6 C:\laragon\www\europharmaci4\system\CodeIgniter.php(410): CodeIgniter\CodeIgniter->runController(Object(App\Controllers\Usuarios))
#7 C:\laragon\www\europharmaci4\system\CodeIgniter.php(318): CodeIgniter\CodeIgniter->handleRequest(NULL, Object(Config\Cache), false)
#8 C:\laragon\www\europharmaci4\public\index.php(37): CodeIgniter\CodeIgniter->run()
#9 {main}
CRITICAL - 2022-01-21 17:25:00 --> Illegal string offset 'idrol'
#0 C:\laragon\www\europharmaci4\app\Views\Usuario\nuevo.php(72): CodeIgniter\Debug\Exceptions->errorHandler(2, 'Illegal string ...', 'C:\\laragon\\www\\...', 72, Array)
#1 C:\laragon\www\europharmaci4\system\View\View.php(210): include('C:\\laragon\\www\\...')
#2 C:\laragon\www\europharmaci4\system\View\View.php(213): CodeIgniter\View\View->CodeIgniter\View\{closure}()
#3 C:\laragon\www\europharmaci4\system\Common.php(1094): CodeIgniter\View\View->render('Usuario/nuevo', Array, true)
#4 C:\laragon\www\europharmaci4\app\Controllers\Usuarios.php(134): view('Usuario/nuevo', Array)
#5 C:\laragon\www\europharmaci4\system\CodeIgniter.php(823): App\Controllers\Usuarios->edit('1')
#6 C:\laragon\www\europharmaci4\system\CodeIgniter.php(410): CodeIgniter\CodeIgniter->runController(Object(App\Controllers\Usuarios))
#7 C:\laragon\www\europharmaci4\system\CodeIgniter.php(318): CodeIgniter\CodeIgniter->handleRequest(NULL, Object(Config\Cache), false)
#8 C:\laragon\www\europharmaci4\public\index.php(37): CodeIgniter\CodeIgniter->run()
#9 {main}
CRITICAL - 2022-01-21 17:25:20 --> Illegal string offset 'idrol'
#0 C:\laragon\www\europharmaci4\app\Views\Usuario\nuevo.php(72): CodeIgniter\Debug\Exceptions->errorHandler(2, 'Illegal string ...', 'C:\\laragon\\www\\...', 72, Array)
#1 C:\laragon\www\europharmaci4\system\View\View.php(210): include('C:\\laragon\\www\\...')
#2 C:\laragon\www\europharmaci4\system\View\View.php(213): CodeIgniter\View\View->CodeIgniter\View\{closure}()
#3 C:\laragon\www\europharmaci4\system\Common.php(1094): CodeIgniter\View\View->render('Usuario/nuevo', Array, true)
#4 C:\laragon\www\europharmaci4\app\Controllers\Usuarios.php(134): view('Usuario/nuevo', Array)
#5 C:\laragon\www\europharmaci4\system\CodeIgniter.php(823): App\Controllers\Usuarios->edit('19')
#6 C:\laragon\www\europharmaci4\system\CodeIgniter.php(410): CodeIgniter\CodeIgniter->runController(Object(App\Controllers\Usuarios))
#7 C:\laragon\www\europharmaci4\system\CodeIgniter.php(318): CodeIgniter\CodeIgniter->handleRequest(NULL, Object(Config\Cache), false)
#8 C:\laragon\www\europharmaci4\public\index.php(37): CodeIgniter\CodeIgniter->run()
#9 {main}
CRITICAL - 2022-01-21 17:29:31 --> Undefined variable: usuario
#0 C:\laragon\www\europharmaci4\app\Views\Usuario\editar.php(45): CodeIgniter\Debug\Exceptions->errorHandler(8, 'Undefined varia...', 'C:\\laragon\\www\\...', 45, Array)
#1 C:\laragon\www\europharmaci4\system\View\View.php(210): include('C:\\laragon\\www\\...')
#2 C:\laragon\www\europharmaci4\system\View\View.php(213): CodeIgniter\View\View->CodeIgniter\View\{closure}()
#3 C:\laragon\www\europharmaci4\system\Common.php(1094): CodeIgniter\View\View->render('Usuario/editar', Array, true)
#4 C:\laragon\www\europharmaci4\app\Controllers\Usuarios.php(134): view('Usuario/editar', Array)
#5 C:\laragon\www\europharmaci4\system\CodeIgniter.php(823): App\Controllers\Usuarios->edit('19')
#6 C:\laragon\www\europharmaci4\system\CodeIgniter.php(410): CodeIgniter\CodeIgniter->runController(Object(App\Controllers\Usuarios))
#7 C:\laragon\www\europharmaci4\system\CodeIgniter.php(318): CodeIgniter\CodeIgniter->handleRequest(NULL, Object(Config\Cache), false)
#8 C:\laragon\www\europharmaci4\public\index.php(37): CodeIgniter\CodeIgniter->run()
#9 {main}
CRITICAL - 2022-01-21 17:29:43 --> Cannot use object of type stdClass as array
#0 C:\laragon\www\europharmaci4\system\View\View.php(210): include()
#1 C:\laragon\www\europharmaci4\system\View\View.php(213): CodeIgniter\View\View->CodeIgniter\View\{closure}()
#2 C:\laragon\www\europharmaci4\system\Common.php(1094): CodeIgniter\View\View->render('Usuario/editar', Array, true)
#3 C:\laragon\www\europharmaci4\app\Controllers\Usuarios.php(134): view('Usuario/editar', Array)
#4 C:\laragon\www\europharmaci4\system\CodeIgniter.php(823): App\Controllers\Usuarios->edit('19')
#5 C:\laragon\www\europharmaci4\system\CodeIgniter.php(410): CodeIgniter\CodeIgniter->runController(Object(App\Controllers\Usuarios))
#6 C:\laragon\www\europharmaci4\system\CodeIgniter.php(318): CodeIgniter\CodeIgniter->handleRequest(NULL, Object(Config\Cache), false)
#7 C:\laragon\www\europharmaci4\public\index.php(37): CodeIgniter\CodeIgniter->run()
#8 {main}
CRITICAL - 2022-01-21 17:33:15 --> Undefined property: stdClass::$usurio
#0 C:\laragon\www\europharmaci4\app\Views\Usuario\editar.php(55): CodeIgniter\Debug\Exceptions->errorHandler(8, 'Undefined prope...', 'C:\\laragon\\www\\...', 55, Array)
#1 C:\laragon\www\europharmaci4\system\View\View.php(210): include('C:\\laragon\\www\\...')
#2 C:\laragon\www\europharmaci4\system\View\View.php(213): CodeIgniter\View\View->CodeIgniter\View\{closure}()
#3 C:\laragon\www\europharmaci4\system\Common.php(1094): CodeIgniter\View\View->render('Usuario/editar', Array, true)
#4 C:\laragon\www\europharmaci4\app\Controllers\Usuarios.php(134): view('Usuario/editar', Array)
#5 C:\laragon\www\europharmaci4\system\CodeIgniter.php(823): App\Controllers\Usuarios->edit('19')
#6 C:\laragon\www\europharmaci4\system\CodeIgniter.php(410): CodeIgniter\CodeIgniter->runController(Object(App\Controllers\Usuarios))
#7 C:\laragon\www\europharmaci4\system\CodeIgniter.php(318): CodeIgniter\CodeIgniter->handleRequest(NULL, Object(Config\Cache), false)
#8 C:\laragon\www\europharmaci4\public\index.php(37): CodeIgniter\CodeIgniter->run()
#9 {main}
CRITICAL - 2022-01-21 17:59:36 --> Undefined variable: imageName
#0 C:\laragon\www\europharmaci4\app\Controllers\Usuarios.php(155): CodeIgniter\Debug\Exceptions->errorHandler(8, 'Undefined varia...', 'C:\\laragon\\www\\...', 155, Array)
#1 C:\laragon\www\europharmaci4\system\CodeIgniter.php(823): App\Controllers\Usuarios->update('1')
#2 C:\laragon\www\europharmaci4\system\CodeIgniter.php(410): CodeIgniter\CodeIgniter->runController(Object(App\Controllers\Usuarios))
#3 C:\laragon\www\europharmaci4\system\CodeIgniter.php(318): CodeIgniter\CodeIgniter->handleRequest(NULL, Object(Config\Cache), false)
#4 C:\laragon\www\europharmaci4\public\index.php(37): CodeIgniter\CodeIgniter->run()
#5 {main}
CRITICAL - 2022-01-21 20:25:09 --> Undefined index: foto
#0 C:\laragon\www\europharmaci4\app\Views\Usuario\editar.php(81): CodeIgniter\Debug\Exceptions->errorHandler(8, 'Undefined index...', 'C:\\laragon\\www\\...', 81, Array)
#1 C:\laragon\www\europharmaci4\system\View\View.php(210): include('C:\\laragon\\www\\...')
#2 C:\laragon\www\europharmaci4\system\View\View.php(213): CodeIgniter\View\View->CodeIgniter\View\{closure}()
#3 C:\laragon\www\europharmaci4\system\Common.php(1094): CodeIgniter\View\View->render('Usuario/editar', Array, true)
#4 C:\laragon\www\europharmaci4\app\Controllers\Usuarios.php(134): view('Usuario/editar', Array)
#5 C:\laragon\www\europharmaci4\system\CodeIgniter.php(823): App\Controllers\Usuarios->edit('19')
#6 C:\laragon\www\europharmaci4\system\CodeIgniter.php(410): CodeIgniter\CodeIgniter->runController(Object(App\Controllers\Usuarios))
#7 C:\laragon\www\europharmaci4\system\CodeIgniter.php(318): CodeIgniter\CodeIgniter->handleRequest(NULL, Object(Config\Cache), false)
#8 C:\laragon\www\europharmaci4\public\index.php(37): CodeIgniter\CodeIgniter->run()
#9 {main}
CRITICAL - 2022-01-21 20:25:46 --> Undefined index: foto
#0 C:\laragon\www\europharmaci4\app\Views\Usuario\editar.php(81): CodeIgniter\Debug\Exceptions->errorHandler(8, 'Undefined index...', 'C:\\laragon\\www\\...', 81, Array)
#1 C:\laragon\www\europharmaci4\system\View\View.php(210): include('C:\\laragon\\www\\...')
#2 C:\laragon\www\europharmaci4\system\View\View.php(213): CodeIgniter\View\View->CodeIgniter\View\{closure}()
#3 C:\laragon\www\europharmaci4\system\Common.php(1094): CodeIgniter\View\View->render('Usuario/editar', Array, true)
#4 C:\laragon\www\europharmaci4\app\Controllers\Usuarios.php(134): view('Usuario/editar', Array)
#5 C:\laragon\www\europharmaci4\system\CodeIgniter.php(823): App\Controllers\Usuarios->edit('19')
#6 C:\laragon\www\europharmaci4\system\CodeIgniter.php(410): CodeIgniter\CodeIgniter->runController(Object(App\Controllers\Usuarios))
#7 C:\laragon\www\europharmaci4\system\CodeIgniter.php(318): CodeIgniter\CodeIgniter->handleRequest(NULL, Object(Config\Cache), false)
#8 C:\laragon\www\europharmaci4\public\index.php(37): CodeIgniter\CodeIgniter->run()
#9 {main}
CRITICAL - 2022-01-21 20:40:38 --> Undefined variable: usurios
#0 C:\laragon\www\europharmaci4\app\Views\Usuario\editar.php(82): CodeIgniter\Debug\Exceptions->errorHandler(8, 'Undefined varia...', 'C:\\laragon\\www\\...', 82, Array)
#1 C:\laragon\www\europharmaci4\system\View\View.php(210): include('C:\\laragon\\www\\...')
#2 C:\laragon\www\europharmaci4\system\View\View.php(213): CodeIgniter\View\View->CodeIgniter\View\{closure}()
#3 C:\laragon\www\europharmaci4\system\Common.php(1094): CodeIgniter\View\View->render('Usuario/editar', Array, true)
#4 C:\laragon\www\europharmaci4\app\Controllers\Usuarios.php(134): view('Usuario/editar', Array)
#5 C:\laragon\www\europharmaci4\system\CodeIgniter.php(823): App\Controllers\Usuarios->edit('3')
#6 C:\laragon\www\europharmaci4\system\CodeIgniter.php(410): CodeIgniter\CodeIgniter->runController(Object(App\Controllers\Usuarios))
#7 C:\laragon\www\europharmaci4\system\CodeIgniter.php(318): CodeIgniter\CodeIgniter->handleRequest(NULL, Object(Config\Cache), false)
#8 C:\laragon\www\europharmaci4\public\index.php(37): CodeIgniter\CodeIgniter->run()
#9 {main}
CRITICAL - 2022-01-21 20:42:30 --> Could not move file php8C7A.tmp to uploads/ ()
#0 C:\laragon\www\europharmaci4\system\HTTP\Files\UploadedFile.php(149): CodeIgniter\HTTP\Exceptions\HTTPException::forMoveFailed('php8C7A.tmp', 'uploads/', '')
#1 C:\laragon\www\europharmaci4\app\Controllers\Usuarios.php(145): CodeIgniter\HTTP\Files\UploadedFile->move('uploads/', 'C:\\Users\\albet\\...')
#2 C:\laragon\www\europharmaci4\system\CodeIgniter.php(823): App\Controllers\Usuarios->update('3')
#3 C:\laragon\www\europharmaci4\system\CodeIgniter.php(410): CodeIgniter\CodeIgniter->runController(Object(App\Controllers\Usuarios))
#4 C:\laragon\www\europharmaci4\system\CodeIgniter.php(318): CodeIgniter\CodeIgniter->handleRequest(NULL, Object(Config\Cache), false)
#5 C:\laragon\www\europharmaci4\public\index.php(37): CodeIgniter\CodeIgniter->run()
#6 {main}
CRITICAL - 2022-01-21 20:45:05 --> Could not move file phpE9C4.tmp to uploads/ ()
#0 C:\laragon\www\europharmaci4\system\HTTP\Files\UploadedFile.php(149): CodeIgniter\HTTP\Exceptions\HTTPException::forMoveFailed('phpE9C4.tmp', 'uploads/', '')
#1 C:\laragon\www\europharmaci4\app\Controllers\Usuarios.php(145): CodeIgniter\HTTP\Files\UploadedFile->move('uploads/', 'C:\\Users\\albet\\...')
#2 C:\laragon\www\europharmaci4\system\CodeIgniter.php(823): App\Controllers\Usuarios->update('19')
#3 C:\laragon\www\europharmaci4\system\CodeIgniter.php(410): CodeIgniter\CodeIgniter->runController(Object(App\Controllers\Usuarios))
#4 C:\laragon\www\europharmaci4\system\CodeIgniter.php(318): CodeIgniter\CodeIgniter->handleRequest(NULL, Object(Config\Cache), false)
#5 C:\laragon\www\europharmaci4\public\index.php(37): CodeIgniter\CodeIgniter->run()
#6 {main}
