CRITICAL - 2022-01-17 13:54:07 --> syntax error, unexpected '}'
#0 C:\laragon\www\europharmaci4\system\Autoloader\Autoloader.php(241): CodeIgniter\Autoloader\Autoloader->includeFile('C:\\laragon\\www\\...')
#1 C:\laragon\www\europharmaci4\system\Autoloader\Autoloader.php(219): CodeIgniter\Autoloader\Autoloader->loadInNamespace('App\\Controllers...')
#2 [internal function]: CodeIgniter\Autoloader\Autoloader->loadClass('App\\Controllers...')
#3 [internal function]: spl_autoload_call('App\\Controllers...')
#4 C:\laragon\www\europharmaci4\system\CodeIgniter.php(788): class_exists('\\App\\Controller...', true)
#5 C:\laragon\www\europharmaci4\system\CodeIgniter.php(397): CodeIgniter\CodeIgniter->startController()
#6 C:\laragon\www\europharmaci4\system\CodeIgniter.php(318): CodeIgniter\CodeIgniter->handleRequest(NULL, Object(Config\Cache), false)
#7 C:\laragon\www\europharmaci4\public\index.php(37): CodeIgniter\CodeIgniter->run()
#8 {main}
CRITICAL - 2022-01-17 14:07:26 --> Cannot declare class App\Controllers\Test because the name is already in use
#0 [internal function]: CodeIgniter\Debug\Exceptions->shutdownHandler()
#1 {main}
CRITICAL - 2022-01-17 15:19:57 --> Call to undefined method App\Controllers\Test::getRol()
#0 C:\laragon\www\europharmaci4\system\CodeIgniter.php(823): App\Controllers\Test->index()
#1 C:\laragon\www\europharmaci4\system\CodeIgniter.php(410): CodeIgniter\CodeIgniter->runController(Object(App\Controllers\Test))
#2 C:\laragon\www\europharmaci4\system\CodeIgniter.php(318): CodeIgniter\CodeIgniter->handleRequest(NULL, Object(Config\Cache), false)
#3 C:\laragon\www\europharmaci4\public\index.php(37): CodeIgniter\CodeIgniter->run()
#4 {main}
CRITICAL - 2022-01-17 15:20:54 --> Call to undefined method App\Controllers\Test::getRol()
#0 C:\laragon\www\europharmaci4\system\CodeIgniter.php(823): App\Controllers\Test->index()
#1 C:\laragon\www\europharmaci4\system\CodeIgniter.php(410): CodeIgniter\CodeIgniter->runController(Object(App\Controllers\Test))
#2 C:\laragon\www\europharmaci4\system\CodeIgniter.php(318): CodeIgniter\CodeIgniter->handleRequest(NULL, Object(Config\Cache), false)
#3 C:\laragon\www\europharmaci4\public\index.php(37): CodeIgniter\CodeIgniter->run()
#4 {main}
CRITICAL - 2022-01-17 15:31:40 --> Undefined variable: data
#0 C:\laragon\www\europharmaci4\app\Views\test.php(10): CodeIgniter\Debug\Exceptions->errorHandler(8, 'Undefined varia...', 'C:\\laragon\\www\\...', 10, Array)
#1 C:\laragon\www\europharmaci4\system\View\View.php(210): include('C:\\laragon\\www\\...')
#2 C:\laragon\www\europharmaci4\system\View\View.php(213): CodeIgniter\View\View->CodeIgniter\View\{closure}()
#3 C:\laragon\www\europharmaci4\system\Common.php(1094): CodeIgniter\View\View->render('test', Array, true)
#4 C:\laragon\www\europharmaci4\app\Controllers\Test.php(16): view('test')
#5 C:\laragon\www\europharmaci4\system\CodeIgniter.php(823): App\Controllers\Test->index()
#6 C:\laragon\www\europharmaci4\system\CodeIgniter.php(410): CodeIgniter\CodeIgniter->runController(Object(App\Controllers\Test))
#7 C:\laragon\www\europharmaci4\system\CodeIgniter.php(318): CodeIgniter\CodeIgniter->handleRequest(NULL, Object(Config\Cache), false)
#8 C:\laragon\www\europharmaci4\public\index.php(37): CodeIgniter\CodeIgniter->run()
#9 {main}
CRITICAL - 2022-01-17 15:41:48 --> Undefined variable: db
#0 C:\laragon\www\europharmaci4\app\Controllers\Test.php(13): CodeIgniter\Debug\Exceptions->errorHandler(8, 'Undefined varia...', 'C:\\laragon\\www\\...', 13, Array)
#1 C:\laragon\www\europharmaci4\system\CodeIgniter.php(823): App\Controllers\Test->index()
#2 C:\laragon\www\europharmaci4\system\CodeIgniter.php(410): CodeIgniter\CodeIgniter->runController(Object(App\Controllers\Test))
#3 C:\laragon\www\europharmaci4\system\CodeIgniter.php(318): CodeIgniter\CodeIgniter->handleRequest(NULL, Object(Config\Cache), false)
#4 C:\laragon\www\europharmaci4\public\index.php(37): CodeIgniter\CodeIgniter->run()
#5 {main}
CRITICAL - 2022-01-17 15:44:00 --> Argument 2 passed to view() must be of the type array, object given, called in C:\laragon\www\europharmaci4\app\Controllers\Test.php on line 16
#0 C:\laragon\www\europharmaci4\app\Controllers\Test.php(16): view('test', Object(CodeIgniter\Database\MySQLi\Result))
#1 C:\laragon\www\europharmaci4\system\CodeIgniter.php(823): App\Controllers\Test->index()
#2 C:\laragon\www\europharmaci4\system\CodeIgniter.php(410): CodeIgniter\CodeIgniter->runController(Object(App\Controllers\Test))
#3 C:\laragon\www\europharmaci4\system\CodeIgniter.php(318): CodeIgniter\CodeIgniter->handleRequest(NULL, Object(Config\Cache), false)
#4 C:\laragon\www\europharmaci4\public\index.php(37): CodeIgniter\CodeIgniter->run()
#5 {main}
CRITICAL - 2022-01-17 15:44:57 --> Undefined variable: builder
#0 C:\laragon\www\europharmaci4\app\Views\test.php(11): CodeIgniter\Debug\Exceptions->errorHandler(8, 'Undefined varia...', 'C:\\laragon\\www\\...', 11, Array)
#1 C:\laragon\www\europharmaci4\system\View\View.php(210): include('C:\\laragon\\www\\...')
#2 C:\laragon\www\europharmaci4\system\View\View.php(213): CodeIgniter\View\View->CodeIgniter\View\{closure}()
#3 C:\laragon\www\europharmaci4\system\Common.php(1094): CodeIgniter\View\View->render('test', Array, true)
#4 C:\laragon\www\europharmaci4\app\Controllers\Test.php(16): view('test')
#5 C:\laragon\www\europharmaci4\system\CodeIgniter.php(823): App\Controllers\Test->index()
#6 C:\laragon\www\europharmaci4\system\CodeIgniter.php(410): CodeIgniter\CodeIgniter->runController(Object(App\Controllers\Test))
#7 C:\laragon\www\europharmaci4\system\CodeIgniter.php(318): CodeIgniter\CodeIgniter->handleRequest(NULL, Object(Config\Cache), false)
#8 C:\laragon\www\europharmaci4\public\index.php(37): CodeIgniter\CodeIgniter->run()
#9 {main}
CRITICAL - 2022-01-17 15:46:29 --> Undefined variable: builder
#0 C:\laragon\www\europharmaci4\app\Views\test.php(11): CodeIgniter\Debug\Exceptions->errorHandler(8, 'Undefined varia...', 'C:\\laragon\\www\\...', 11, Array)
#1 C:\laragon\www\europharmaci4\system\View\View.php(210): include('C:\\laragon\\www\\...')
#2 C:\laragon\www\europharmaci4\system\View\View.php(213): CodeIgniter\View\View->CodeIgniter\View\{closure}()
#3 C:\laragon\www\europharmaci4\system\Common.php(1094): CodeIgniter\View\View->render('test', Array, true)
#4 C:\laragon\www\europharmaci4\app\Controllers\Test.php(16): view('test')
#5 C:\laragon\www\europharmaci4\system\CodeIgniter.php(823): App\Controllers\Test->index()
#6 C:\laragon\www\europharmaci4\system\CodeIgniter.php(410): CodeIgniter\CodeIgniter->runController(Object(App\Controllers\Test))
#7 C:\laragon\www\europharmaci4\system\CodeIgniter.php(318): CodeIgniter\CodeIgniter->handleRequest(NULL, Object(Config\Cache), false)
#8 C:\laragon\www\europharmaci4\public\index.php(37): CodeIgniter\CodeIgniter->run()
#9 {main}
CRITICAL - 2022-01-17 17:10:02 --> Undefined variable: builder
#0 C:\laragon\www\europharmaci4\app\Views\test.php(11): CodeIgniter\Debug\Exceptions->errorHandler(8, 'Undefined varia...', 'C:\\laragon\\www\\...', 11, Array)
#1 C:\laragon\www\europharmaci4\system\View\View.php(210): include('C:\\laragon\\www\\...')
#2 C:\laragon\www\europharmaci4\system\View\View.php(213): CodeIgniter\View\View->CodeIgniter\View\{closure}()
#3 C:\laragon\www\europharmaci4\system\Common.php(1094): CodeIgniter\View\View->render('test', Array, true)
#4 C:\laragon\www\europharmaci4\app\Controllers\Test.php(16): view('test')
#5 C:\laragon\www\europharmaci4\system\CodeIgniter.php(823): App\Controllers\Test->index()
#6 C:\laragon\www\europharmaci4\system\CodeIgniter.php(410): CodeIgniter\CodeIgniter->runController(Object(App\Controllers\Test))
#7 C:\laragon\www\europharmaci4\system\CodeIgniter.php(318): CodeIgniter\CodeIgniter->handleRequest(NULL, Object(Config\Cache), false)
#8 C:\laragon\www\europharmaci4\public\index.php(37): CodeIgniter\CodeIgniter->run()
#9 {main}
CRITICAL - 2022-01-17 17:42:18 --> Undefined property: App\Controllers\Test::$model
#0 C:\laragon\www\europharmaci4\app\Controllers\Test.php(15): CodeIgniter\Debug\Exceptions->errorHandler(8, 'Undefined prope...', 'C:\\laragon\\www\\...', 15, Array)
#1 C:\laragon\www\europharmaci4\system\CodeIgniter.php(823): App\Controllers\Test->index()
#2 C:\laragon\www\europharmaci4\system\CodeIgniter.php(410): CodeIgniter\CodeIgniter->runController(Object(App\Controllers\Test))
#3 C:\laragon\www\europharmaci4\system\CodeIgniter.php(318): CodeIgniter\CodeIgniter->handleRequest(NULL, Object(Config\Cache), false)
#4 C:\laragon\www\europharmaci4\public\index.php(37): CodeIgniter\CodeIgniter->run()
#5 {main}
ERROR - 2022-01-17 17:44:43 --> Unknown column 'rol.deleted_at' in 'where clause'
CRITICAL - 2022-01-17 17:44:43 --> Unknown column 'rol.deleted_at' in 'where clause'
#0 C:\laragon\www\europharmaci4\system\Database\MySQLi\Connection.php(292): mysqli->query('SELECT *\nFROM `...', 0)
#1 C:\laragon\www\europharmaci4\system\Database\BaseConnection.php(670): CodeIgniter\Database\MySQLi\Connection->execute('SELECT *\nFROM `...')
#2 C:\laragon\www\europharmaci4\system\Database\BaseConnection.php(598): CodeIgniter\Database\BaseConnection->simpleQuery('SELECT *\nFROM `...')
#3 C:\laragon\www\europharmaci4\system\Database\BaseBuilder.php(1455): CodeIgniter\Database\BaseConnection->query('SELECT *\nFROM `...', Array, false)
#4 C:\laragon\www\europharmaci4\system\Model.php(183): CodeIgniter\Database\BaseBuilder->get()
#5 C:\laragon\www\europharmaci4\system\BaseModel.php(584): CodeIgniter\Model->doFindAll(0, 0)
#6 C:\laragon\www\europharmaci4\app\Controllers\Test.php(22): CodeIgniter\BaseModel->findAll()
#7 C:\laragon\www\europharmaci4\system\CodeIgniter.php(823): App\Controllers\Test->index()
#8 C:\laragon\www\europharmaci4\system\CodeIgniter.php(410): CodeIgniter\CodeIgniter->runController(Object(App\Controllers\Test))
#9 C:\laragon\www\europharmaci4\system\CodeIgniter.php(318): CodeIgniter\CodeIgniter->handleRequest(NULL, Object(Config\Cache), false)
#10 C:\laragon\www\europharmaci4\public\index.php(37): CodeIgniter\CodeIgniter->run()
#11 {main}
ERROR - 2022-01-17 17:48:29 --> Unknown column 'rol.deleted_at' in 'where clause'
CRITICAL - 2022-01-17 17:48:29 --> Unknown column 'rol.deleted_at' in 'where clause'
#0 C:\laragon\www\europharmaci4\system\Database\MySQLi\Connection.php(292): mysqli->query('SELECT *\nFROM `...', 0)
#1 C:\laragon\www\europharmaci4\system\Database\BaseConnection.php(670): CodeIgniter\Database\MySQLi\Connection->execute('SELECT *\nFROM `...')
#2 C:\laragon\www\europharmaci4\system\Database\BaseConnection.php(598): CodeIgniter\Database\BaseConnection->simpleQuery('SELECT *\nFROM `...')
#3 C:\laragon\www\europharmaci4\system\Database\BaseBuilder.php(1455): CodeIgniter\Database\BaseConnection->query('SELECT *\nFROM `...', Array, false)
#4 C:\laragon\www\europharmaci4\system\Model.php(183): CodeIgniter\Database\BaseBuilder->get()
#5 C:\laragon\www\europharmaci4\system\BaseModel.php(584): CodeIgniter\Model->doFindAll(0, 0)
#6 C:\laragon\www\europharmaci4\app\Controllers\Test.php(22): CodeIgniter\BaseModel->findAll()
#7 C:\laragon\www\europharmaci4\system\CodeIgniter.php(823): App\Controllers\Test->index()
#8 C:\laragon\www\europharmaci4\system\CodeIgniter.php(410): CodeIgniter\CodeIgniter->runController(Object(App\Controllers\Test))
#9 C:\laragon\www\europharmaci4\system\CodeIgniter.php(318): CodeIgniter\CodeIgniter->handleRequest(NULL, Object(Config\Cache), false)
#10 C:\laragon\www\europharmaci4\public\index.php(37): CodeIgniter\CodeIgniter->run()
#11 {main}
ERROR - 2022-01-17 17:48:37 --> Unknown column 'rol.deleted_at' in 'where clause'
CRITICAL - 2022-01-17 17:48:37 --> Unknown column 'rol.deleted_at' in 'where clause'
#0 C:\laragon\www\europharmaci4\system\Database\MySQLi\Connection.php(292): mysqli->query('SELECT *\nFROM `...', 0)
#1 C:\laragon\www\europharmaci4\system\Database\BaseConnection.php(670): CodeIgniter\Database\MySQLi\Connection->execute('SELECT *\nFROM `...')
#2 C:\laragon\www\europharmaci4\system\Database\BaseConnection.php(598): CodeIgniter\Database\BaseConnection->simpleQuery('SELECT *\nFROM `...')
#3 C:\laragon\www\europharmaci4\system\Database\BaseBuilder.php(1455): CodeIgniter\Database\BaseConnection->query('SELECT *\nFROM `...', Array, false)
#4 C:\laragon\www\europharmaci4\system\Model.php(183): CodeIgniter\Database\BaseBuilder->get()
#5 C:\laragon\www\europharmaci4\system\BaseModel.php(584): CodeIgniter\Model->doFindAll(0, 0)
#6 C:\laragon\www\europharmaci4\app\Controllers\Test.php(22): CodeIgniter\BaseModel->findAll()
#7 C:\laragon\www\europharmaci4\system\CodeIgniter.php(823): App\Controllers\Test->index()
#8 C:\laragon\www\europharmaci4\system\CodeIgniter.php(410): CodeIgniter\CodeIgniter->runController(Object(App\Controllers\Test))
#9 C:\laragon\www\europharmaci4\system\CodeIgniter.php(318): CodeIgniter\CodeIgniter->handleRequest(NULL, Object(Config\Cache), false)
#10 C:\laragon\www\europharmaci4\public\index.php(37): CodeIgniter\CodeIgniter->run()
#11 {main}
ERROR - 2022-01-17 17:50:18 --> Unknown column 'rol.deleted_at' in 'where clause'
CRITICAL - 2022-01-17 17:50:18 --> Unknown column 'rol.deleted_at' in 'where clause'
#0 C:\laragon\www\europharmaci4\system\Database\MySQLi\Connection.php(292): mysqli->query('SELECT *\nFROM `...', 0)
#1 C:\laragon\www\europharmaci4\system\Database\BaseConnection.php(670): CodeIgniter\Database\MySQLi\Connection->execute('SELECT *\nFROM `...')
#2 C:\laragon\www\europharmaci4\system\Database\BaseConnection.php(598): CodeIgniter\Database\BaseConnection->simpleQuery('SELECT *\nFROM `...')
#3 C:\laragon\www\europharmaci4\system\Database\BaseBuilder.php(1455): CodeIgniter\Database\BaseConnection->query('SELECT *\nFROM `...', Array, false)
#4 C:\laragon\www\europharmaci4\system\Model.php(183): CodeIgniter\Database\BaseBuilder->get()
#5 C:\laragon\www\europharmaci4\system\BaseModel.php(584): CodeIgniter\Model->doFindAll(0, 0)
#6 C:\laragon\www\europharmaci4\app\Controllers\Test.php(22): CodeIgniter\BaseModel->findAll()
#7 C:\laragon\www\europharmaci4\system\CodeIgniter.php(823): App\Controllers\Test->index()
#8 C:\laragon\www\europharmaci4\system\CodeIgniter.php(410): CodeIgniter\CodeIgniter->runController(Object(App\Controllers\Test))
#9 C:\laragon\www\europharmaci4\system\CodeIgniter.php(318): CodeIgniter\CodeIgniter->handleRequest(NULL, Object(Config\Cache), false)
#10 C:\laragon\www\europharmaci4\public\index.php(37): CodeIgniter\CodeIgniter->run()
#11 {main}
ERROR - 2022-01-17 17:50:21 --> Unknown column 'rol.deleted_at' in 'where clause'
CRITICAL - 2022-01-17 17:50:21 --> Unknown column 'rol.deleted_at' in 'where clause'
#0 C:\laragon\www\europharmaci4\system\Database\MySQLi\Connection.php(292): mysqli->query('SELECT *\nFROM `...', 0)
#1 C:\laragon\www\europharmaci4\system\Database\BaseConnection.php(670): CodeIgniter\Database\MySQLi\Connection->execute('SELECT *\nFROM `...')
#2 C:\laragon\www\europharmaci4\system\Database\BaseConnection.php(598): CodeIgniter\Database\BaseConnection->simpleQuery('SELECT *\nFROM `...')
#3 C:\laragon\www\europharmaci4\system\Database\BaseBuilder.php(1455): CodeIgniter\Database\BaseConnection->query('SELECT *\nFROM `...', Array, false)
#4 C:\laragon\www\europharmaci4\system\Model.php(183): CodeIgniter\Database\BaseBuilder->get()
#5 C:\laragon\www\europharmaci4\system\BaseModel.php(584): CodeIgniter\Model->doFindAll(0, 0)
#6 C:\laragon\www\europharmaci4\app\Controllers\Test.php(22): CodeIgniter\BaseModel->findAll()
#7 C:\laragon\www\europharmaci4\system\CodeIgniter.php(823): App\Controllers\Test->index()
#8 C:\laragon\www\europharmaci4\system\CodeIgniter.php(410): CodeIgniter\CodeIgniter->runController(Object(App\Controllers\Test))
#9 C:\laragon\www\europharmaci4\system\CodeIgniter.php(318): CodeIgniter\CodeIgniter->handleRequest(NULL, Object(Config\Cache), false)
#10 C:\laragon\www\europharmaci4\public\index.php(37): CodeIgniter\CodeIgniter->run()
#11 {main}
CRITICAL - 2022-01-17 17:52:52 --> Undefined variable: builder
#0 C:\laragon\www\europharmaci4\app\Views\test.php(11): CodeIgniter\Debug\Exceptions->errorHandler(8, 'Undefined varia...', 'C:\\laragon\\www\\...', 11, Array)
#1 C:\laragon\www\europharmaci4\system\View\View.php(210): include('C:\\laragon\\www\\...')
#2 C:\laragon\www\europharmaci4\system\View\View.php(213): CodeIgniter\View\View->CodeIgniter\View\{closure}()
#3 C:\laragon\www\europharmaci4\system\Common.php(1094): CodeIgniter\View\View->render('test', Array, true)
#4 C:\laragon\www\europharmaci4\app\Controllers\Test.php(32): view('test', Array)
#5 C:\laragon\www\europharmaci4\system\CodeIgniter.php(823): App\Controllers\Test->index()
#6 C:\laragon\www\europharmaci4\system\CodeIgniter.php(410): CodeIgniter\CodeIgniter->runController(Object(App\Controllers\Test))
#7 C:\laragon\www\europharmaci4\system\CodeIgniter.php(318): CodeIgniter\CodeIgniter->handleRequest(NULL, Object(Config\Cache), false)
#8 C:\laragon\www\europharmaci4\public\index.php(37): CodeIgniter\CodeIgniter->run()
#9 {main}
CRITICAL - 2022-01-17 17:53:50 --> Undefined variable: data
#0 C:\laragon\www\europharmaci4\app\Views\test.php(13): CodeIgniter\Debug\Exceptions->errorHandler(8, 'Undefined varia...', 'C:\\laragon\\www\\...', 13, Array)
#1 C:\laragon\www\europharmaci4\system\View\View.php(210): include('C:\\laragon\\www\\...')
#2 C:\laragon\www\europharmaci4\system\View\View.php(213): CodeIgniter\View\View->CodeIgniter\View\{closure}()
#3 C:\laragon\www\europharmaci4\system\Common.php(1094): CodeIgniter\View\View->render('test', Array, true)
#4 C:\laragon\www\europharmaci4\app\Controllers\Test.php(32): view('test', Array)
#5 C:\laragon\www\europharmaci4\system\CodeIgniter.php(823): App\Controllers\Test->index()
#6 C:\laragon\www\europharmaci4\system\CodeIgniter.php(410): CodeIgniter\CodeIgniter->runController(Object(App\Controllers\Test))
#7 C:\laragon\www\europharmaci4\system\CodeIgniter.php(318): CodeIgniter\CodeIgniter->handleRequest(NULL, Object(Config\Cache), false)
#8 C:\laragon\www\europharmaci4\public\index.php(37): CodeIgniter\CodeIgniter->run()
#9 {main}
CRITICAL - 2022-01-17 17:55:01 --> Function name must be a string
#0 C:\laragon\www\europharmaci4\system\View\View.php(210): include()
#1 C:\laragon\www\europharmaci4\system\View\View.php(213): CodeIgniter\View\View->CodeIgniter\View\{closure}()
#2 C:\laragon\www\europharmaci4\system\Common.php(1094): CodeIgniter\View\View->render('test', Array, true)
#3 C:\laragon\www\europharmaci4\app\Controllers\Test.php(32): view('test', Array)
#4 C:\laragon\www\europharmaci4\system\CodeIgniter.php(823): App\Controllers\Test->index()
#5 C:\laragon\www\europharmaci4\system\CodeIgniter.php(410): CodeIgniter\CodeIgniter->runController(Object(App\Controllers\Test))
#6 C:\laragon\www\europharmaci4\system\CodeIgniter.php(318): CodeIgniter\CodeIgniter->handleRequest(NULL, Object(Config\Cache), false)
#7 C:\laragon\www\europharmaci4\public\index.php(37): CodeIgniter\CodeIgniter->run()
#8 {main}
CRITICAL - 2022-01-17 17:55:36 --> Trying to get property 'rol' of non-object
#0 C:\laragon\www\europharmaci4\app\Views\test.php(14): CodeIgniter\Debug\Exceptions->errorHandler(8, 'Trying to get p...', 'C:\\laragon\\www\\...', 14, Array)
#1 C:\laragon\www\europharmaci4\system\View\View.php(210): include('C:\\laragon\\www\\...')
#2 C:\laragon\www\europharmaci4\system\View\View.php(213): CodeIgniter\View\View->CodeIgniter\View\{closure}()
#3 C:\laragon\www\europharmaci4\system\Common.php(1094): CodeIgniter\View\View->render('test', Array, true)
#4 C:\laragon\www\europharmaci4\app\Controllers\Test.php(32): view('test', Array)
#5 C:\laragon\www\europharmaci4\system\CodeIgniter.php(823): App\Controllers\Test->index()
#6 C:\laragon\www\europharmaci4\system\CodeIgniter.php(410): CodeIgniter\CodeIgniter->runController(Object(App\Controllers\Test))
#7 C:\laragon\www\europharmaci4\system\CodeIgniter.php(318): CodeIgniter\CodeIgniter->handleRequest(NULL, Object(Config\Cache), false)
#8 C:\laragon\www\europharmaci4\public\index.php(37): CodeIgniter\CodeIgniter->run()
#9 {main}
CRITICAL - 2022-01-17 18:03:06 --> Cannot use object of type stdClass as array
#0 C:\laragon\www\europharmaci4\system\View\View.php(210): include()
#1 C:\laragon\www\europharmaci4\system\View\View.php(213): CodeIgniter\View\View->CodeIgniter\View\{closure}()
#2 C:\laragon\www\europharmaci4\system\Common.php(1094): CodeIgniter\View\View->render('test', Array, true)
#3 C:\laragon\www\europharmaci4\app\Controllers\Test.php(32): view('test', Array)
#4 C:\laragon\www\europharmaci4\system\CodeIgniter.php(823): App\Controllers\Test->index()
#5 C:\laragon\www\europharmaci4\system\CodeIgniter.php(410): CodeIgniter\CodeIgniter->runController(Object(App\Controllers\Test))
#6 C:\laragon\www\europharmaci4\system\CodeIgniter.php(318): CodeIgniter\CodeIgniter->handleRequest(NULL, Object(Config\Cache), false)
#7 C:\laragon\www\europharmaci4\public\index.php(37): CodeIgniter\CodeIgniter->run()
#8 {main}
CRITICAL - 2022-01-17 18:26:10 --> Undefined variable: datos
#0 C:\laragon\www\europharmaci4\app\Views\test.php(13): CodeIgniter\Debug\Exceptions->errorHandler(8, 'Undefined varia...', 'C:\\laragon\\www\\...', 13, Array)
#1 C:\laragon\www\europharmaci4\system\View\View.php(210): include('C:\\laragon\\www\\...')
#2 C:\laragon\www\europharmaci4\system\View\View.php(213): CodeIgniter\View\View->CodeIgniter\View\{closure}()
#3 C:\laragon\www\europharmaci4\system\Common.php(1094): CodeIgniter\View\View->render('test', Array, true)
#4 C:\laragon\www\europharmaci4\app\Controllers\Test.php(36): view('test', Array)
#5 C:\laragon\www\europharmaci4\system\CodeIgniter.php(823): App\Controllers\Test->index()
#6 C:\laragon\www\europharmaci4\system\CodeIgniter.php(410): CodeIgniter\CodeIgniter->runController(Object(App\Controllers\Test))
#7 C:\laragon\www\europharmaci4\system\CodeIgniter.php(318): CodeIgniter\CodeIgniter->handleRequest(NULL, Object(Config\Cache), false)
#8 C:\laragon\www\europharmaci4\public\index.php(37): CodeIgniter\CodeIgniter->run()
#9 {main}
CRITICAL - 2022-01-17 18:29:27 --> Undefined variable: pager
#0 C:\laragon\www\europharmaci4\app\Views\test.php(18): CodeIgniter\Debug\Exceptions->errorHandler(8, 'Undefined varia...', 'C:\\laragon\\www\\...', 18, Array)
#1 C:\laragon\www\europharmaci4\system\View\View.php(210): include('C:\\laragon\\www\\...')
#2 C:\laragon\www\europharmaci4\system\View\View.php(213): CodeIgniter\View\View->CodeIgniter\View\{closure}()
#3 C:\laragon\www\europharmaci4\system\Common.php(1094): CodeIgniter\View\View->render('test', Array, true)
#4 C:\laragon\www\europharmaci4\app\Controllers\Test.php(36): view('test', Array)
#5 C:\laragon\www\europharmaci4\system\CodeIgniter.php(823): App\Controllers\Test->index()
#6 C:\laragon\www\europharmaci4\system\CodeIgniter.php(410): CodeIgniter\CodeIgniter->runController(Object(App\Controllers\Test))
#7 C:\laragon\www\europharmaci4\system\CodeIgniter.php(318): CodeIgniter\CodeIgniter->handleRequest(NULL, Object(Config\Cache), false)
#8 C:\laragon\www\europharmaci4\public\index.php(37): CodeIgniter\CodeIgniter->run()
#9 {main}
CRITICAL - 2022-01-17 18:33:32 --> syntax error, unexpected end of file
#0 C:\laragon\www\europharmaci4\system\View\View.php(213): CodeIgniter\View\View->CodeIgniter\View\{closure}()
#1 C:\laragon\www\europharmaci4\system\Common.php(1094): CodeIgniter\View\View->render('test', Array, true)
#2 C:\laragon\www\europharmaci4\app\Controllers\Test.php(36): view('test', Array)
#3 C:\laragon\www\europharmaci4\system\CodeIgniter.php(823): App\Controllers\Test->index()
#4 C:\laragon\www\europharmaci4\system\CodeIgniter.php(410): CodeIgniter\CodeIgniter->runController(Object(App\Controllers\Test))
#5 C:\laragon\www\europharmaci4\system\CodeIgniter.php(318): CodeIgniter\CodeIgniter->handleRequest(NULL, Object(Config\Cache), false)
#6 C:\laragon\www\europharmaci4\public\index.php(37): CodeIgniter\CodeIgniter->run()
#7 {main}
CRITICAL - 2022-01-17 20:51:02 --> Undefined variable: pager
#0 C:\laragon\www\europharmaci4\app\Views\test.php(38): CodeIgniter\Debug\Exceptions->errorHandler(8, 'Undefined varia...', 'C:\\laragon\\www\\...', 38, Array)
#1 C:\laragon\www\europharmaci4\system\View\View.php(210): include('C:\\laragon\\www\\...')
#2 C:\laragon\www\europharmaci4\system\View\View.php(213): CodeIgniter\View\View->CodeIgniter\View\{closure}()
#3 C:\laragon\www\europharmaci4\system\Common.php(1094): CodeIgniter\View\View->render('test', Array, true)
#4 C:\laragon\www\europharmaci4\app\Controllers\Test.php(36): view('test', Array)
#5 C:\laragon\www\europharmaci4\system\CodeIgniter.php(823): App\Controllers\Test->index()
#6 C:\laragon\www\europharmaci4\system\CodeIgniter.php(410): CodeIgniter\CodeIgniter->runController(Object(App\Controllers\Test))
#7 C:\laragon\www\europharmaci4\system\CodeIgniter.php(318): CodeIgniter\CodeIgniter->handleRequest(NULL, Object(Config\Cache), false)
#8 C:\laragon\www\europharmaci4\public\index.php(37): CodeIgniter\CodeIgniter->run()
#9 {main}
CRITICAL - 2022-01-17 21:24:30 --> Object of class CodeIgniter\Database\MySQLi\Builder could not be converted to string
#0 C:\laragon\www\europharmaci4\system\CodeIgniter.php(823): App\Controllers\Test->index()
#1 C:\laragon\www\europharmaci4\system\CodeIgniter.php(410): CodeIgniter\CodeIgniter->runController(Object(App\Controllers\Test))
#2 C:\laragon\www\europharmaci4\system\CodeIgniter.php(318): CodeIgniter\CodeIgniter->handleRequest(NULL, Object(Config\Cache), false)
#3 C:\laragon\www\europharmaci4\public\index.php(37): CodeIgniter\CodeIgniter->run()
#4 {main}
CRITICAL - 2022-01-17 21:24:51 --> Object of class CodeIgniter\Database\MySQLi\Builder could not be converted to string
#0 C:\laragon\www\europharmaci4\system\View\View.php(210): include()
#1 C:\laragon\www\europharmaci4\system\View\View.php(213): CodeIgniter\View\View->CodeIgniter\View\{closure}()
#2 C:\laragon\www\europharmaci4\system\Common.php(1094): CodeIgniter\View\View->render('test', Array, true)
#3 C:\laragon\www\europharmaci4\app\Controllers\Test.php(42): view('test', Array)
#4 C:\laragon\www\europharmaci4\system\CodeIgniter.php(823): App\Controllers\Test->index()
#5 C:\laragon\www\europharmaci4\system\CodeIgniter.php(410): CodeIgniter\CodeIgniter->runController(Object(App\Controllers\Test))
#6 C:\laragon\www\europharmaci4\system\CodeIgniter.php(318): CodeIgniter\CodeIgniter->handleRequest(NULL, Object(Config\Cache), false)
#7 C:\laragon\www\europharmaci4\public\index.php(37): CodeIgniter\CodeIgniter->run()
#8 {main}
CRITICAL - 2022-01-17 21:25:44 --> Undefined property: CodeIgniter\Database\MySQLi\Builder::$rol
#0 C:\laragon\www\europharmaci4\app\Views\test.php(29): CodeIgniter\Debug\Exceptions->errorHandler(8, 'Undefined prope...', 'C:\\laragon\\www\\...', 29, Array)
#1 C:\laragon\www\europharmaci4\system\View\View.php(210): include('C:\\laragon\\www\\...')
#2 C:\laragon\www\europharmaci4\system\View\View.php(213): CodeIgniter\View\View->CodeIgniter\View\{closure}()
#3 C:\laragon\www\europharmaci4\system\Common.php(1094): CodeIgniter\View\View->render('test', Array, true)
#4 C:\laragon\www\europharmaci4\app\Controllers\Test.php(42): view('test', Array)
#5 C:\laragon\www\europharmaci4\system\CodeIgniter.php(823): App\Controllers\Test->index()
#6 C:\laragon\www\europharmaci4\system\CodeIgniter.php(410): CodeIgniter\CodeIgniter->runController(Object(App\Controllers\Test))
#7 C:\laragon\www\europharmaci4\system\CodeIgniter.php(318): CodeIgniter\CodeIgniter->handleRequest(NULL, Object(Config\Cache), false)
#8 C:\laragon\www\europharmaci4\public\index.php(37): CodeIgniter\CodeIgniter->run()
#9 {main}
CRITICAL - 2022-01-17 21:28:07 --> Object of class CodeIgniter\Database\MySQLi\Builder could not be converted to string
#0 C:\laragon\www\europharmaci4\system\View\View.php(210): include()
#1 C:\laragon\www\europharmaci4\system\View\View.php(213): CodeIgniter\View\View->CodeIgniter\View\{closure}()
#2 C:\laragon\www\europharmaci4\system\Common.php(1094): CodeIgniter\View\View->render('test', Array, true)
#3 C:\laragon\www\europharmaci4\app\Controllers\Test.php(42): view('test', Array)
#4 C:\laragon\www\europharmaci4\system\CodeIgniter.php(823): App\Controllers\Test->index()
#5 C:\laragon\www\europharmaci4\system\CodeIgniter.php(410): CodeIgniter\CodeIgniter->runController(Object(App\Controllers\Test))
#6 C:\laragon\www\europharmaci4\system\CodeIgniter.php(318): CodeIgniter\CodeIgniter->handleRequest(NULL, Object(Config\Cache), false)
#7 C:\laragon\www\europharmaci4\public\index.php(37): CodeIgniter\CodeIgniter->run()
#8 {main}
CRITICAL - 2022-01-17 21:53:52 --> Object of class CodeIgniter\Database\MySQLi\Result could not be converted to string
#0 C:\laragon\www\europharmaci4\system\CodeIgniter.php(823): App\Controllers\Test->index()
#1 C:\laragon\www\europharmaci4\system\CodeIgniter.php(410): CodeIgniter\CodeIgniter->runController(Object(App\Controllers\Test))
#2 C:\laragon\www\europharmaci4\system\CodeIgniter.php(318): CodeIgniter\CodeIgniter->handleRequest(NULL, Object(Config\Cache), false)
#3 C:\laragon\www\europharmaci4\public\index.php(37): CodeIgniter\CodeIgniter->run()
#4 {main}
CRITICAL - 2022-01-17 21:55:31 --> Object of class CodeIgniter\Database\MySQLi\Result could not be converted to string
#0 C:\laragon\www\europharmaci4\system\CodeIgniter.php(823): App\Controllers\Test->index()
#1 C:\laragon\www\europharmaci4\system\CodeIgniter.php(410): CodeIgniter\CodeIgniter->runController(Object(App\Controllers\Test))
#2 C:\laragon\www\europharmaci4\system\CodeIgniter.php(318): CodeIgniter\CodeIgniter->handleRequest(NULL, Object(Config\Cache), false)
#3 C:\laragon\www\europharmaci4\public\index.php(37): CodeIgniter\CodeIgniter->run()
#4 {main}
