CRITICAL - 2022-02-18 12:01:58 --> syntax error, unexpected '->' (T_OBJECT_OPERATOR), expecting ']'
#0 C:\laragon\www\europharmaci4\system\Autoloader\Autoloader.php(241): CodeIgniter\Autoloader\Autoloader->includeFile('C:\\laragon\\www\\...')
#1 C:\laragon\www\europharmaci4\system\Autoloader\Autoloader.php(219): CodeIgniter\Autoloader\Autoloader->loadInNamespace('App\\Controllers...')
#2 [internal function]: CodeIgniter\Autoloader\Autoloader->loadClass('App\\Controllers...')
#3 [internal function]: spl_autoload_call('App\\Controllers...')
#4 C:\laragon\www\europharmaci4\system\CodeIgniter.php(788): class_exists('\\App\\Controller...', true)
#5 C:\laragon\www\europharmaci4\system\CodeIgniter.php(397): CodeIgniter\CodeIgniter->startController()
#6 C:\laragon\www\europharmaci4\system\CodeIgniter.php(318): CodeIgniter\CodeIgniter->handleRequest(NULL, Object(Config\Cache), false)
#7 C:\laragon\www\europharmaci4\public\index.php(37): CodeIgniter\CodeIgniter->run()
#8 {main}
CRITICAL - 2022-02-18 12:02:21 --> syntax error, unexpected '->' (T_OBJECT_OPERATOR), expecting ']'
#0 C:\laragon\www\europharmaci4\system\Autoloader\Autoloader.php(241): CodeIgniter\Autoloader\Autoloader->includeFile('C:\\laragon\\www\\...')
#1 C:\laragon\www\europharmaci4\system\Autoloader\Autoloader.php(219): CodeIgniter\Autoloader\Autoloader->loadInNamespace('App\\Controllers...')
#2 [internal function]: CodeIgniter\Autoloader\Autoloader->loadClass('App\\Controllers...')
#3 [internal function]: spl_autoload_call('App\\Controllers...')
#4 C:\laragon\www\europharmaci4\system\CodeIgniter.php(788): class_exists('\\App\\Controller...', true)
#5 C:\laragon\www\europharmaci4\system\CodeIgniter.php(397): CodeIgniter\CodeIgniter->startController()
#6 C:\laragon\www\europharmaci4\system\CodeIgniter.php(318): CodeIgniter\CodeIgniter->handleRequest(NULL, Object(Config\Cache), false)
#7 C:\laragon\www\europharmaci4\public\index.php(37): CodeIgniter\CodeIgniter->run()
#8 {main}
CRITICAL - 2022-02-18 12:04:38 --> syntax error, unexpected '->' (T_OBJECT_OPERATOR), expecting ']'
#0 C:\laragon\www\europharmaci4\system\Autoloader\Autoloader.php(241): CodeIgniter\Autoloader\Autoloader->includeFile('C:\\laragon\\www\\...')
#1 C:\laragon\www\europharmaci4\system\Autoloader\Autoloader.php(219): CodeIgniter\Autoloader\Autoloader->loadInNamespace('App\\Controllers...')
#2 [internal function]: CodeIgniter\Autoloader\Autoloader->loadClass('App\\Controllers...')
#3 [internal function]: spl_autoload_call('App\\Controllers...')
#4 C:\laragon\www\europharmaci4\system\CodeIgniter.php(788): class_exists('\\App\\Controller...', true)
#5 C:\laragon\www\europharmaci4\system\CodeIgniter.php(397): CodeIgniter\CodeIgniter->startController()
#6 C:\laragon\www\europharmaci4\system\CodeIgniter.php(318): CodeIgniter\CodeIgniter->handleRequest(NULL, Object(Config\Cache), false)
#7 C:\laragon\www\europharmaci4\public\index.php(37): CodeIgniter\CodeIgniter->run()
#8 {main}
CRITICAL - 2022-02-18 12:05:52 --> Call to undefined method CodeIgniter\Session\Session::getFlasdata()
#0 C:\laragon\www\europharmaci4\system\View\View.php(210): include()
#1 C:\laragon\www\europharmaci4\system\View\View.php(213): CodeIgniter\View\View->CodeIgniter\View\{closure}()
#2 C:\laragon\www\europharmaci4\system\Common.php(1094): CodeIgniter\View\View->render('Usuario/login', Array, true)
#3 C:\laragon\www\europharmaci4\app\Controllers\Login.php(29): view('Usuario/login', Array)
#4 C:\laragon\www\europharmaci4\system\CodeIgniter.php(823): App\Controllers\Login->index()
#5 C:\laragon\www\europharmaci4\system\CodeIgniter.php(410): CodeIgniter\CodeIgniter->runController(Object(App\Controllers\Login))
#6 C:\laragon\www\europharmaci4\system\CodeIgniter.php(318): CodeIgniter\CodeIgniter->handleRequest(NULL, Object(Config\Cache), false)
#7 C:\laragon\www\europharmaci4\public\index.php(37): CodeIgniter\CodeIgniter->run()
#8 {main}
CRITICAL - 2022-02-18 12:10:05 --> Call to undefined function form_open()
#0 C:\laragon\www\europharmaci4\system\View\View.php(210): include()
#1 C:\laragon\www\europharmaci4\system\View\View.php(213): CodeIgniter\View\View->CodeIgniter\View\{closure}()
#2 C:\laragon\www\europharmaci4\system\Common.php(1094): CodeIgniter\View\View->render('Usuario/login', Array, true)
#3 C:\laragon\www\europharmaci4\app\Controllers\Login.php(29): view('Usuario/login', Array)
#4 C:\laragon\www\europharmaci4\system\CodeIgniter.php(823): App\Controllers\Login->index()
#5 C:\laragon\www\europharmaci4\system\CodeIgniter.php(410): CodeIgniter\CodeIgniter->runController(Object(App\Controllers\Login))
#6 C:\laragon\www\europharmaci4\system\CodeIgniter.php(318): CodeIgniter\CodeIgniter->handleRequest(NULL, Object(Config\Cache), false)
#7 C:\laragon\www\europharmaci4\public\index.php(37): CodeIgniter\CodeIgniter->run()
#8 {main}
CRITICAL - 2022-02-18 12:11:38 --> Call to undefined function form_open()
#0 C:\laragon\www\europharmaci4\system\View\View.php(210): include()
#1 C:\laragon\www\europharmaci4\system\View\View.php(213): CodeIgniter\View\View->CodeIgniter\View\{closure}()
#2 C:\laragon\www\europharmaci4\system\Common.php(1094): CodeIgniter\View\View->render('Usuario/login', Array, true)
#3 C:\laragon\www\europharmaci4\app\Controllers\Login.php(29): view('Usuario/login', Array)
#4 C:\laragon\www\europharmaci4\system\CodeIgniter.php(823): App\Controllers\Login->index()
#5 C:\laragon\www\europharmaci4\system\CodeIgniter.php(410): CodeIgniter\CodeIgniter->runController(Object(App\Controllers\Login))
#6 C:\laragon\www\europharmaci4\system\CodeIgniter.php(318): CodeIgniter\CodeIgniter->handleRequest(NULL, Object(Config\Cache), false)
#7 C:\laragon\www\europharmaci4\public\index.php(37): CodeIgniter\CodeIgniter->run()
#8 {main}
CRITICAL - 2022-02-18 12:11:59 --> Call to undefined function form_open()
#0 C:\laragon\www\europharmaci4\system\View\View.php(210): include()
#1 C:\laragon\www\europharmaci4\system\View\View.php(213): CodeIgniter\View\View->CodeIgniter\View\{closure}()
#2 C:\laragon\www\europharmaci4\system\Common.php(1094): CodeIgniter\View\View->render('Usuario/login', Array, true)
#3 C:\laragon\www\europharmaci4\app\Controllers\Login.php(29): view('Usuario/login', Array)
#4 C:\laragon\www\europharmaci4\system\CodeIgniter.php(823): App\Controllers\Login->index()
#5 C:\laragon\www\europharmaci4\system\CodeIgniter.php(410): CodeIgniter\CodeIgniter->runController(Object(App\Controllers\Login))
#6 C:\laragon\www\europharmaci4\system\CodeIgniter.php(318): CodeIgniter\CodeIgniter->handleRequest(NULL, Object(Config\Cache), false)
#7 C:\laragon\www\europharmaci4\public\index.php(37): CodeIgniter\CodeIgniter->run()
#8 {main}
CRITICAL - 2022-02-18 12:16:27 --> Call to undefined function form_open()
#0 C:\laragon\www\europharmaci4\system\View\View.php(210): include()
#1 C:\laragon\www\europharmaci4\system\View\View.php(213): CodeIgniter\View\View->CodeIgniter\View\{closure}()
#2 C:\laragon\www\europharmaci4\system\Common.php(1094): CodeIgniter\View\View->render('Usuario/login', Array, true)
#3 C:\laragon\www\europharmaci4\app\Controllers\Login.php(30): view('Usuario/login', Array)
#4 C:\laragon\www\europharmaci4\system\CodeIgniter.php(823): App\Controllers\Login->index()
#5 C:\laragon\www\europharmaci4\system\CodeIgniter.php(410): CodeIgniter\CodeIgniter->runController(Object(App\Controllers\Login))
#6 C:\laragon\www\europharmaci4\system\CodeIgniter.php(318): CodeIgniter\CodeIgniter->handleRequest(NULL, Object(Config\Cache), false)
#7 C:\laragon\www\europharmaci4\public\index.php(37): CodeIgniter\CodeIgniter->run()
#8 {main}
CRITICAL - 2022-02-18 12:17:12 --> Call to undefined function form_open()
#0 C:\laragon\www\europharmaci4\system\View\View.php(210): include()
#1 C:\laragon\www\europharmaci4\system\View\View.php(213): CodeIgniter\View\View->CodeIgniter\View\{closure}()
#2 C:\laragon\www\europharmaci4\system\Common.php(1094): CodeIgniter\View\View->render('Usuario/login', Array, true)
#3 C:\laragon\www\europharmaci4\app\Controllers\Login.php(30): view('Usuario/login', Array)
#4 C:\laragon\www\europharmaci4\system\CodeIgniter.php(823): App\Controllers\Login->index()
#5 C:\laragon\www\europharmaci4\system\CodeIgniter.php(410): CodeIgniter\CodeIgniter->runController(Object(App\Controllers\Login))
#6 C:\laragon\www\europharmaci4\system\CodeIgniter.php(318): CodeIgniter\CodeIgniter->handleRequest(NULL, Object(Config\Cache), false)
#7 C:\laragon\www\europharmaci4\public\index.php(37): CodeIgniter\CodeIgniter->run()
#8 {main}
CRITICAL - 2022-02-18 12:23:17 --> Undefined property: App\Controllers\Login::$load
#0 C:\laragon\www\europharmaci4\app\Controllers\Login.php(20): CodeIgniter\Debug\Exceptions->errorHandler(8, 'Undefined prope...', 'C:\\laragon\\www\\...', 20, Array)
#1 C:\laragon\www\europharmaci4\system\CodeIgniter.php(800): App\Controllers\Login->__construct()
#2 C:\laragon\www\europharmaci4\system\CodeIgniter.php(401): CodeIgniter\CodeIgniter->createController()
#3 C:\laragon\www\europharmaci4\system\CodeIgniter.php(318): CodeIgniter\CodeIgniter->handleRequest(NULL, Object(Config\Cache), false)
#4 C:\laragon\www\europharmaci4\public\index.php(37): CodeIgniter\CodeIgniter->run()
#5 {main}
CRITICAL - 2022-02-18 12:23:39 --> Call to undefined method App\Controllers\Login::helper()
#0 C:\laragon\www\europharmaci4\system\CodeIgniter.php(800): App\Controllers\Login->__construct()
#1 C:\laragon\www\europharmaci4\system\CodeIgniter.php(401): CodeIgniter\CodeIgniter->createController()
#2 C:\laragon\www\europharmaci4\system\CodeIgniter.php(318): CodeIgniter\CodeIgniter->handleRequest(NULL, Object(Config\Cache), false)
#3 C:\laragon\www\europharmaci4\public\index.php(37): CodeIgniter\CodeIgniter->run()
#4 {main}
CRITICAL - 2022-02-18 12:24:04 --> Call to undefined method CodeIgniter\Session\Session::getFlasdata()
#0 C:\laragon\www\europharmaci4\system\View\View.php(210): include()
#1 C:\laragon\www\europharmaci4\system\View\View.php(213): CodeIgniter\View\View->CodeIgniter\View\{closure}()
#2 C:\laragon\www\europharmaci4\system\Common.php(1094): CodeIgniter\View\View->render('Usuario/login', Array, true)
#3 C:\laragon\www\europharmaci4\app\Controllers\Login.php(30): view('Usuario/login', Array)
#4 C:\laragon\www\europharmaci4\system\CodeIgniter.php(823): App\Controllers\Login->index()
#5 C:\laragon\www\europharmaci4\system\CodeIgniter.php(410): CodeIgniter\CodeIgniter->runController(Object(App\Controllers\Login))
#6 C:\laragon\www\europharmaci4\system\CodeIgniter.php(318): CodeIgniter\CodeIgniter->handleRequest(NULL, Object(Config\Cache), false)
#7 C:\laragon\www\europharmaci4\public\index.php(37): CodeIgniter\CodeIgniter->run()
#8 {main}
CRITICAL - 2022-02-18 12:29:24 --> Undefined variable: isInvalidPass
#0 C:\laragon\www\europharmaci4\app\Views\Usuario\login.php(53): CodeIgniter\Debug\Exceptions->errorHandler(8, 'Undefined varia...', 'C:\\laragon\\www\\...', 53, Array)
#1 C:\laragon\www\europharmaci4\system\View\View.php(210): include('C:\\laragon\\www\\...')
#2 C:\laragon\www\europharmaci4\system\View\View.php(213): CodeIgniter\View\View->CodeIgniter\View\{closure}()
#3 C:\laragon\www\europharmaci4\system\Common.php(1094): CodeIgniter\View\View->render('Usuario/login', Array, true)
#4 C:\laragon\www\europharmaci4\app\Controllers\Login.php(30): view('Usuario/login', Array)
#5 C:\laragon\www\europharmaci4\system\CodeIgniter.php(823): App\Controllers\Login->index()
#6 C:\laragon\www\europharmaci4\system\CodeIgniter.php(410): CodeIgniter\CodeIgniter->runController(Object(App\Controllers\Login))
#7 C:\laragon\www\europharmaci4\system\CodeIgniter.php(318): CodeIgniter\CodeIgniter->handleRequest(NULL, Object(Config\Cache), false)
#8 C:\laragon\www\europharmaci4\public\index.php(37): CodeIgniter\CodeIgniter->run()
#9 {main}
CRITICAL - 2022-02-18 12:30:58 --> Undefined variable: isInvalidPass
#0 C:\laragon\www\europharmaci4\app\Views\Usuario\login.php(53): CodeIgniter\Debug\Exceptions->errorHandler(8, 'Undefined varia...', 'C:\\laragon\\www\\...', 53, Array)
#1 C:\laragon\www\europharmaci4\system\View\View.php(210): include('C:\\laragon\\www\\...')
#2 C:\laragon\www\europharmaci4\system\View\View.php(213): CodeIgniter\View\View->CodeIgniter\View\{closure}()
#3 C:\laragon\www\europharmaci4\system\Common.php(1094): CodeIgniter\View\View->render('Usuario/login', Array, true)
#4 C:\laragon\www\europharmaci4\app\Controllers\Login.php(30): view('Usuario/login', Array)
#5 C:\laragon\www\europharmaci4\system\CodeIgniter.php(823): App\Controllers\Login->index()
#6 C:\laragon\www\europharmaci4\system\CodeIgniter.php(410): CodeIgniter\CodeIgniter->runController(Object(App\Controllers\Login))
#7 C:\laragon\www\europharmaci4\system\CodeIgniter.php(318): CodeIgniter\CodeIgniter->handleRequest(NULL, Object(Config\Cache), false)
#8 C:\laragon\www\europharmaci4\public\index.php(37): CodeIgniter\CodeIgniter->run()
#9 {main}
CRITICAL - 2022-02-18 12:31:25 --> Call to undefined method App\Controllers\Login::getPost()
#0 C:\laragon\www\europharmaci4\system\CodeIgniter.php(823): App\Controllers\Login->entrar()
#1 C:\laragon\www\europharmaci4\system\CodeIgniter.php(410): CodeIgniter\CodeIgniter->runController(Object(App\Controllers\Login))
#2 C:\laragon\www\europharmaci4\system\CodeIgniter.php(318): CodeIgniter\CodeIgniter->handleRequest(NULL, Object(Config\Cache), false)
#3 C:\laragon\www\europharmaci4\public\index.php(37): CodeIgniter\CodeIgniter->run()
#4 {main}
CRITICAL - 2022-02-18 12:37:36 --> Call to undefined function form_open()
#0 C:\laragon\www\europharmaci4\system\View\View.php(210): include()
#1 C:\laragon\www\europharmaci4\system\View\View.php(213): CodeIgniter\View\View->CodeIgniter\View\{closure}()
#2 C:\laragon\www\europharmaci4\system\Common.php(1094): CodeIgniter\View\View->render('Usuario/login', Array, true)
#3 C:\laragon\www\europharmaci4\app\Controllers\Login.php(30): view('Usuario/login', Array)
#4 C:\laragon\www\europharmaci4\system\CodeIgniter.php(823): App\Controllers\Login->index()
#5 C:\laragon\www\europharmaci4\system\CodeIgniter.php(410): CodeIgniter\CodeIgniter->runController(Object(App\Controllers\Login))
#6 C:\laragon\www\europharmaci4\system\CodeIgniter.php(318): CodeIgniter\CodeIgniter->handleRequest(NULL, Object(Config\Cache), false)
#7 C:\laragon\www\europharmaci4\public\index.php(37): CodeIgniter\CodeIgniter->run()
#8 {main}
CRITICAL - 2022-02-18 12:44:55 --> Class 'App\Controllers\ModelUsuario' not found
#0 C:\laragon\www\europharmaci4\system\CodeIgniter.php(823): App\Controllers\Login->entrar()
#1 C:\laragon\www\europharmaci4\system\CodeIgniter.php(410): CodeIgniter\CodeIgniter->runController(Object(App\Controllers\Login))
#2 C:\laragon\www\europharmaci4\system\CodeIgniter.php(318): CodeIgniter\CodeIgniter->handleRequest(NULL, Object(Config\Cache), false)
#3 C:\laragon\www\europharmaci4\public\index.php(37): CodeIgniter\CodeIgniter->run()
#4 {main}
CRITICAL - 2022-02-18 13:14:44 --> Function name must be a string
#0 C:\laragon\www\europharmaci4\system\CodeIgniter.php(823): App\Controllers\Login->entrar()
#1 C:\laragon\www\europharmaci4\system\CodeIgniter.php(410): CodeIgniter\CodeIgniter->runController(Object(App\Controllers\Login))
#2 C:\laragon\www\europharmaci4\system\CodeIgniter.php(318): CodeIgniter\CodeIgniter->handleRequest(NULL, Object(Config\Cache), false)
#3 C:\laragon\www\europharmaci4\public\index.php(37): CodeIgniter\CodeIgniter->run()
#4 {main}
CRITICAL - 2022-02-18 15:53:46 --> Undefined variable: sessError
#0 C:\laragon\www\europharmaci4\app\Controllers\Login.php(115): CodeIgniter\Debug\Exceptions->errorHandler(8, 'Undefined varia...', 'C:\\laragon\\www\\...', 115, Array)
#1 C:\laragon\www\europharmaci4\system\CodeIgniter.php(823): App\Controllers\Login->entrar()
#2 C:\laragon\www\europharmaci4\system\CodeIgniter.php(410): CodeIgniter\CodeIgniter->runController(Object(App\Controllers\Login))
#3 C:\laragon\www\europharmaci4\system\CodeIgniter.php(318): CodeIgniter\CodeIgniter->handleRequest(NULL, Object(Config\Cache), false)
#4 C:\laragon\www\europharmaci4\public\index.php(37): CodeIgniter\CodeIgniter->run()
#5 {main}
CRITICAL - 2022-02-18 16:24:37 --> Undefined variable: _Post
#0 C:\laragon\www\europharmaci4\app\Views\Usuario\login.php(46): CodeIgniter\Debug\Exceptions->errorHandler(8, 'Undefined varia...', 'C:\\laragon\\www\\...', 46, Array)
#1 C:\laragon\www\europharmaci4\system\View\View.php(210): include('C:\\laragon\\www\\...')
#2 C:\laragon\www\europharmaci4\system\View\View.php(213): CodeIgniter\View\View->CodeIgniter\View\{closure}()
#3 C:\laragon\www\europharmaci4\system\Common.php(1094): CodeIgniter\View\View->render('Usuario/login', Array, true)
#4 C:\laragon\www\europharmaci4\app\Controllers\Login.php(27): view('Usuario/login', Array)
#5 C:\laragon\www\europharmaci4\system\CodeIgniter.php(823): App\Controllers\Login->index()
#6 C:\laragon\www\europharmaci4\system\CodeIgniter.php(410): CodeIgniter\CodeIgniter->runController(Object(App\Controllers\Login))
#7 C:\laragon\www\europharmaci4\system\CodeIgniter.php(318): CodeIgniter\CodeIgniter->handleRequest(NULL, Object(Config\Cache), false)
#8 C:\laragon\www\europharmaci4\public\index.php(37): CodeIgniter\CodeIgniter->run()
#9 {main}
CRITICAL - 2022-02-18 18:19:11 --> Undefined index: nombrerol
#0 C:\laragon\www\europharmaci4\app\Controllers\Login.php(88): CodeIgniter\Debug\Exceptions->errorHandler(8, 'Undefined index...', 'C:\\laragon\\www\\...', 88, Array)
#1 C:\laragon\www\europharmaci4\system\CodeIgniter.php(823): App\Controllers\Login->entrar()
#2 C:\laragon\www\europharmaci4\system\CodeIgniter.php(410): CodeIgniter\CodeIgniter->runController(Object(App\Controllers\Login))
#3 C:\laragon\www\europharmaci4\system\CodeIgniter.php(318): CodeIgniter\CodeIgniter->handleRequest(NULL, Object(Config\Cache), false)
#4 C:\laragon\www\europharmaci4\public\index.php(37): CodeIgniter\CodeIgniter->run()
#5 {main}
CRITICAL - 2022-02-18 18:19:46 --> syntax error, unexpected 'switch' (T_SWITCH), expecting ';' or ','
#0 C:\laragon\www\europharmaci4\system\View\View.php(213): CodeIgniter\View\View->CodeIgniter\View\{closure}()
#1 C:\laragon\www\europharmaci4\system\Common.php(1094): CodeIgniter\View\View->render('plantillas/asid...', Array, true)
#2 C:\laragon\www\europharmaci4\app\Controllers\Home.php(16): view('plantillas/asid...')
#3 C:\laragon\www\europharmaci4\app\Controllers\Home.php(10): App\Controllers\Home->cargarVistas('escritorio')
#4 C:\laragon\www\europharmaci4\system\CodeIgniter.php(823): App\Controllers\Home->index()
#5 C:\laragon\www\europharmaci4\system\CodeIgniter.php(410): CodeIgniter\CodeIgniter->runController(Object(App\Controllers\Home))
#6 C:\laragon\www\europharmaci4\system\CodeIgniter.php(318): CodeIgniter\CodeIgniter->handleRequest(NULL, Object(Config\Cache), false)
#7 C:\laragon\www\europharmaci4\public\index.php(37): CodeIgniter\CodeIgniter->run()
#8 {main}
CRITICAL - 2022-02-18 18:22:42 --> syntax error, unexpected 'switch' (T_SWITCH)
#0 C:\laragon\www\europharmaci4\system\View\View.php(213): CodeIgniter\View\View->CodeIgniter\View\{closure}()
#1 C:\laragon\www\europharmaci4\system\Common.php(1094): CodeIgniter\View\View->render('plantillas/asid...', Array, true)
#2 C:\laragon\www\europharmaci4\app\Controllers\Home.php(16): view('plantillas/asid...')
#3 C:\laragon\www\europharmaci4\app\Controllers\Home.php(10): App\Controllers\Home->cargarVistas('escritorio')
#4 C:\laragon\www\europharmaci4\system\CodeIgniter.php(823): App\Controllers\Home->index()
#5 C:\laragon\www\europharmaci4\system\CodeIgniter.php(410): CodeIgniter\CodeIgniter->runController(Object(App\Controllers\Home))
#6 C:\laragon\www\europharmaci4\system\CodeIgniter.php(318): CodeIgniter\CodeIgniter->handleRequest(NULL, Object(Config\Cache), false)
#7 C:\laragon\www\europharmaci4\public\index.php(37): CodeIgniter\CodeIgniter->run()
#8 {main}
CRITICAL - 2022-02-18 20:22:39 --> filterAdmin filter must have a matching alias defined.
#0 C:\laragon\www\europharmaci4\system\Filters\Filters.php(493): CodeIgniter\Filters\Exceptions\FilterException::forNoAlias('filterAdmin')
#1 C:\laragon\www\europharmaci4\system\Filters\Filters.php(244): CodeIgniter\Filters\Filters->processAliasesToClass('after')
#2 C:\laragon\www\europharmaci4\system\Filters\Filters.php(163): CodeIgniter\Filters\Filters->initialize('login/salir')
#3 C:\laragon\www\europharmaci4\system\CodeIgniter.php(384): CodeIgniter\Filters\Filters->run('login/salir', 'before')
#4 C:\laragon\www\europharmaci4\system\CodeIgniter.php(318): CodeIgniter\CodeIgniter->handleRequest(NULL, Object(Config\Cache), false)
#5 C:\laragon\www\europharmaci4\public\index.php(37): CodeIgniter\CodeIgniter->run()
#6 {main}
CRITICAL - 2022-02-18 20:44:05 --> FilterUsuario filter must have a matching alias defined.
#0 C:\laragon\www\europharmaci4\system\Filters\Filters.php(493): CodeIgniter\Filters\Exceptions\FilterException::forNoAlias('FilterUsuario')
#1 C:\laragon\www\europharmaci4\system\Filters\Filters.php(244): CodeIgniter\Filters\Filters->processAliasesToClass('after')
#2 C:\laragon\www\europharmaci4\system\Filters\Filters.php(163): CodeIgniter\Filters\Filters->initialize('login/index')
#3 C:\laragon\www\europharmaci4\system\CodeIgniter.php(384): CodeIgniter\Filters\Filters->run('login/index', 'before')
#4 C:\laragon\www\europharmaci4\system\CodeIgniter.php(318): CodeIgniter\CodeIgniter->handleRequest(NULL, Object(Config\Cache), false)
#5 C:\laragon\www\europharmaci4\public\index.php(37): CodeIgniter\CodeIgniter->run()
#6 {main}
