CRITICAL - 2022-01-15 08:45:38 --> Undefined variable: db
#0 C:\laragon\www\europharmaci4\app\Controllers\Usuarios.php(24): CodeIgniter\Debug\Exceptions->errorHandler(8, 'Undefined varia...', 'C:\\laragon\\www\\...', 24, Array)
#1 C:\laragon\www\europharmaci4\system\CodeIgniter.php(823): App\Controllers\Usuarios->index()
#2 C:\laragon\www\europharmaci4\system\CodeIgniter.php(410): CodeIgniter\CodeIgniter->runController(Object(App\Controllers\Usuarios))
#3 C:\laragon\www\europharmaci4\system\CodeIgniter.php(318): CodeIgniter\CodeIgniter->handleRequest(NULL, Object(Config\Cache), false)
#4 C:\laragon\www\europharmaci4\public\index.php(37): CodeIgniter\CodeIgniter->run()
#5 {main}
ERROR - 2022-01-15 08:47:09 --> Not unique table/alias: 'rol'
CRITICAL - 2022-01-15 08:47:09 --> Not unique table/alias: 'rol'
#0 C:\laragon\www\europharmaci4\system\Database\MySQLi\Connection.php(292): mysqli->query('SELECT *\nFROM `...', 0)
#1 C:\laragon\www\europharmaci4\system\Database\BaseConnection.php(670): CodeIgniter\Database\MySQLi\Connection->execute('SELECT *\nFROM `...')
#2 C:\laragon\www\europharmaci4\system\Database\BaseConnection.php(598): CodeIgniter\Database\BaseConnection->simpleQuery('SELECT *\nFROM `...')
#3 C:\laragon\www\europharmaci4\system\Database\BaseBuilder.php(1455): CodeIgniter\Database\BaseConnection->query('SELECT *\nFROM `...', Array, false)
#4 C:\laragon\www\europharmaci4\app\Controllers\Usuarios.php(27): CodeIgniter\Database\BaseBuilder->get()
#5 C:\laragon\www\europharmaci4\system\CodeIgniter.php(823): App\Controllers\Usuarios->index()
#6 C:\laragon\www\europharmaci4\system\CodeIgniter.php(410): CodeIgniter\CodeIgniter->runController(Object(App\Controllers\Usuarios))
#7 C:\laragon\www\europharmaci4\system\CodeIgniter.php(318): CodeIgniter\CodeIgniter->handleRequest(NULL, Object(Config\Cache), false)
#8 C:\laragon\www\europharmaci4\public\index.php(37): CodeIgniter\CodeIgniter->run()
#9 {main}
CRITICAL - 2022-01-15 13:15:27 --> Undefined property: App\Controllers\Usuarios::$Data_model
#0 C:\laragon\www\europharmaci4\app\Controllers\Usuarios.php(24): CodeIgniter\Debug\Exceptions->errorHandler(8, 'Undefined prope...', 'C:\\laragon\\www\\...', 24, Array)
#1 C:\laragon\www\europharmaci4\system\CodeIgniter.php(823): App\Controllers\Usuarios->index()
#2 C:\laragon\www\europharmaci4\system\CodeIgniter.php(410): CodeIgniter\CodeIgniter->runController(Object(App\Controllers\Usuarios))
#3 C:\laragon\www\europharmaci4\system\CodeIgniter.php(318): CodeIgniter\CodeIgniter->handleRequest(NULL, Object(Config\Cache), false)
#4 C:\laragon\www\europharmaci4\public\index.php(37): CodeIgniter\CodeIgniter->run()
#5 {main}
